{"/Users/angelicamarker/Desktop/LNU 2023-2026/lnu-ÅK2/courses/1dv610/examinations/L2-en-modul/health-calculator/src/__test__/testData.ts": {"path":"/Users/angelicamarker/Desktop/LNU 2023-2026/lnu-ÅK2/courses/1dv610/examinations/L2-en-modul/health-calculator/src/__test__/testData.ts","statementMap":{"0":{"start":{"line":3,"column":13},"end":{"line":151,"column":null}}},"fnMap":{},"branchMap":{},"s":{"0":6},"f":{},"b":{}}
,"/Users/angelicamarker/Desktop/LNU 2023-2026/lnu-ÅK2/courses/1dv610/examinations/L2-en-modul/health-calculator/src/calculators/BmiCalculator.ts": {"path":"/Users/angelicamarker/Desktop/LNU 2023-2026/lnu-ÅK2/courses/1dv610/examinations/L2-en-modul/health-calculator/src/calculators/BmiCalculator.ts","statementMap":{"0":{"start":{"line":8,"column":0},"end":{"line":8,"column":55}},"1":{"start":{"line":19,"column":27},"end":{"line":19,"column":28}},"2":{"start":{"line":20,"column":16},"end":{"line":20,"column":67}},"3":{"start":{"line":21,"column":4},"end":{"line":21,"column":null}},"4":{"start":{"line":29,"column":4},"end":{"line":29,"column":null}},"5":{"start":{"line":30,"column":23},"end":{"line":30,"column":41}},"6":{"start":{"line":31,"column":20},"end":{"line":31,"column":48}},"7":{"start":{"line":32,"column":4},"end":{"line":34,"column":null}},"8":{"start":{"line":33,"column":6},"end":{"line":33,"column":null}},"9":{"start":{"line":36,"column":4},"end":{"line":36,"column":null}},"10":{"start":{"line":44,"column":27},"end":{"line":44,"column":51}},"11":{"start":{"line":45,"column":27},"end":{"line":45,"column":80}},"12":{"start":{"line":46,"column":27},"end":{"line":46,"column":80}},"13":{"start":{"line":48,"column":4},"end":{"line":48,"column":null}},"14":{"start":{"line":55,"column":24},"end":{"line":55,"column":26}},"15":{"start":{"line":56,"column":21},"end":{"line":56,"column":38}},"16":{"start":{"line":57,"column":4},"end":{"line":57,"column":null}},"17":{"start":{"line":61,"column":4},"end":{"line":63,"column":null}},"18":{"start":{"line":62,"column":6},"end":{"line":62,"column":null}},"19":{"start":{"line":67,"column":4},"end":{"line":67,"column":null}},"20":{"start":{"line":71,"column":4},"end":{"line":75,"column":null}},"21":{"start":{"line":72,"column":6},"end":{"line":74,"column":null}},"22":{"start":{"line":73,"column":8},"end":{"line":73,"column":null}},"23":{"start":{"line":76,"column":4},"end":{"line":76,"column":null}},"24":{"start":{"line":80,"column":27},"end":{"line":81,"column":null}},"25":{"start":{"line":81,"column":17},"end":{"line":81,"column":46}},"26":{"start":{"line":84,"column":4},"end":{"line":86,"column":null}},"27":{"start":{"line":85,"column":6},"end":{"line":85,"column":null}},"28":{"start":{"line":88,"column":4},"end":{"line":88,"column":null}},"29":{"start":{"line":92,"column":27},"end":{"line":92,"column":28}},"30":{"start":{"line":93,"column":4},"end":{"line":93,"column":null}},"31":{"start":{"line":14,"column":0},"end":{"line":14,"column":13}}},"fnMap":{"0":{"name":"(anonymous_0)","decl":{"start":{"line":18,"column":2},"end":{"line":18,"column":14}},"loc":{"start":{"line":18,"column":25},"end":{"line":22,"column":3}}},"1":{"name":"(anonymous_1)","decl":{"start":{"line":28,"column":2},"end":{"line":28,"column":18}},"loc":{"start":{"line":28,"column":30},"end":{"line":37,"column":3}}},"2":{"name":"(anonymous_2)","decl":{"start":{"line":43,"column":2},"end":{"line":43,"column":22}},"loc":{"start":{"line":43,"column":33},"end":{"line":49,"column":3}}},"3":{"name":"(anonymous_3)","decl":{"start":{"line":54,"column":2},"end":{"line":54,"column":19}},"loc":{"start":{"line":54,"column":31},"end":{"line":58,"column":3}}},"4":{"name":"(anonymous_4)","decl":{"start":{"line":60,"column":10},"end":{"line":60,"column":21}},"loc":{"start":{"line":60,"column":33},"end":{"line":64,"column":3}}},"5":{"name":"(anonymous_5)","decl":{"start":{"line":66,"column":10},"end":{"line":66,"column":18}},"loc":{"start":{"line":66,"column":30},"end":{"line":68,"column":3}}},"6":{"name":"(anonymous_6)","decl":{"start":{"line":70,"column":10},"end":{"line":70,"column":21}},"loc":{"start":{"line":70,"column":33},"end":{"line":77,"column":3}}},"7":{"name":"(anonymous_7)","decl":{"start":{"line":79,"column":10},"end":{"line":79,"column":27}},"loc":{"start":{"line":79,"column":27},"end":{"line":89,"column":3}}},"8":{"name":"(anonymous_8)","decl":{"start":{"line":81,"column":6},"end":{"line":81,"column":7}},"loc":{"start":{"line":81,"column":17},"end":{"line":81,"column":46}}},"9":{"name":"(anonymous_9)","decl":{"start":{"line":91,"column":10},"end":{"line":91,"column":25}},"loc":{"start":{"line":91,"column":53},"end":{"line":94,"column":3}}}},"branchMap":{"0":{"loc":{"start":{"line":32,"column":4},"end":{"line":34,"column":null}},"type":"if","locations":[{"start":{"line":32,"column":4},"end":{"line":34,"column":null}}]},"1":{"loc":{"start":{"line":61,"column":4},"end":{"line":63,"column":null}},"type":"if","locations":[{"start":{"line":61,"column":4},"end":{"line":63,"column":null}}]},"2":{"loc":{"start":{"line":61,"column":8},"end":{"line":61,"column":29}},"type":"binary-expr","locations":[{"start":{"line":61,"column":8},"end":{"line":61,"column":16}},{"start":{"line":61,"column":20},"end":{"line":61,"column":29}}]},"3":{"loc":{"start":{"line":72,"column":6},"end":{"line":74,"column":null}},"type":"if","locations":[{"start":{"line":72,"column":6},"end":{"line":74,"column":null}}]},"4":{"loc":{"start":{"line":72,"column":10},"end":{"line":72,"column":46}},"type":"binary-expr","locations":[{"start":{"line":72,"column":10},"end":{"line":72,"column":26}},{"start":{"line":72,"column":30},"end":{"line":72,"column":46}}]},"5":{"loc":{"start":{"line":84,"column":4},"end":{"line":86,"column":null}},"type":"if","locations":[{"start":{"line":84,"column":4},"end":{"line":86,"column":null}}]}},"s":{"0":4,"1":9,"2":9,"3":9,"4":4,"5":4,"6":4,"7":4,"8":4,"9":0,"10":1,"11":1,"12":1,"13":1,"14":1,"15":1,"16":1,"17":4,"18":0,"19":4,"20":4,"21":19,"22":4,"23":0,"24":1,"25":4,"26":1,"27":0,"28":1,"29":2,"30":2,"31":4},"f":{"0":9,"1":4,"2":1,"3":1,"4":4,"5":4,"6":4,"7":1,"8":4,"9":2},"b":{"0":[4],"1":[0],"2":[4,4],"3":[4],"4":[19,19],"5":[0]}}
,"/Users/angelicamarker/Desktop/LNU 2023-2026/lnu-ÅK2/courses/1dv610/examinations/L2-en-modul/health-calculator/src/calculators/BmrCalculator.ts": {"path":"/Users/angelicamarker/Desktop/LNU 2023-2026/lnu-ÅK2/courses/1dv610/examinations/L2-en-modul/health-calculator/src/calculators/BmrCalculator.ts","statementMap":{"0":{"start":{"line":19,"column":31},"end":{"line":19,"column":74}},"1":{"start":{"line":20,"column":4},"end":{"line":20,"column":null}},"2":{"start":{"line":28,"column":4},"end":{"line":28,"column":null}},"3":{"start":{"line":30,"column":31},"end":{"line":30,"column":74}},"4":{"start":{"line":31,"column":25},"end":{"line":31,"column":41}},"5":{"start":{"line":32,"column":25},"end":{"line":32,"column":50}},"6":{"start":{"line":33,"column":22},"end":{"line":33,"column":34}},"7":{"start":{"line":34,"column":28},"end":{"line":34,"column":61}},"8":{"start":{"line":35,"column":16},"end":{"line":35,"column":73}},"9":{"start":{"line":37,"column":4},"end":{"line":37,"column":null}},"10":{"start":{"line":41,"column":31},"end":{"line":41,"column":50}},"11":{"start":{"line":42,"column":4},"end":{"line":42,"column":null}},"12":{"start":{"line":46,"column":4},"end":{"line":46,"column":null}},"13":{"start":{"line":48,"column":25},"end":{"line":48,"column":44}},"14":{"start":{"line":49,"column":25},"end":{"line":49,"column":51}},"15":{"start":{"line":50,"column":22},"end":{"line":50,"column":37}},"16":{"start":{"line":52,"column":22},"end":{"line":52,"column":71}},"17":{"start":{"line":53,"column":4},"end":{"line":53,"column":null}},"18":{"start":{"line":57,"column":4},"end":{"line":57,"column":null}},"19":{"start":{"line":59,"column":25},"end":{"line":59,"column":45}},"20":{"start":{"line":60,"column":25},"end":{"line":60,"column":51}},"21":{"start":{"line":61,"column":22},"end":{"line":61,"column":38}},"22":{"start":{"line":63,"column":20},"end":{"line":63,"column":68}},"23":{"start":{"line":64,"column":4},"end":{"line":64,"column":null}},"24":{"start":{"line":71,"column":4},"end":{"line":73,"column":null}},"25":{"start":{"line":72,"column":6},"end":{"line":72,"column":null}},"26":{"start":{"line":74,"column":4},"end":{"line":76,"column":null}},"27":{"start":{"line":75,"column":6},"end":{"line":75,"column":null}},"28":{"start":{"line":77,"column":4},"end":{"line":77,"column":null}},"29":{"start":{"line":81,"column":4},"end":{"line":83,"column":null}},"30":{"start":{"line":82,"column":6},"end":{"line":82,"column":null}},"31":{"start":{"line":13,"column":0},"end":{"line":13,"column":13}}},"fnMap":{"0":{"name":"(anonymous_0)","decl":{"start":{"line":18,"column":2},"end":{"line":18,"column":28}},"loc":{"start":{"line":18,"column":39},"end":{"line":21,"column":3}}},"1":{"name":"(anonymous_1)","decl":{"start":{"line":27,"column":2},"end":{"line":27,"column":27}},"loc":{"start":{"line":27,"column":38},"end":{"line":38,"column":3}}},"2":{"name":"(anonymous_2)","decl":{"start":{"line":40,"column":10},"end":{"line":40,"column":35}},"loc":{"start":{"line":40,"column":57},"end":{"line":43,"column":3}}},"3":{"name":"(anonymous_3)","decl":{"start":{"line":45,"column":10},"end":{"line":45,"column":30}},"loc":{"start":{"line":45,"column":69},"end":{"line":54,"column":3}}},"4":{"name":"(anonymous_4)","decl":{"start":{"line":56,"column":10},"end":{"line":56,"column":28}},"loc":{"start":{"line":56,"column":67},"end":{"line":65,"column":3}}},"5":{"name":"(anonymous_5)","decl":{"start":{"line":67,"column":10},"end":{"line":67,"column":35}},"loc":{"start":{"line":69,"column":30},"end":{"line":78,"column":3}}},"6":{"name":"(anonymous_6)","decl":{"start":{"line":80,"column":10},"end":{"line":80,"column":21}},"loc":{"start":{"line":80,"column":32},"end":{"line":84,"column":3}}}},"branchMap":{"0":{"loc":{"start":{"line":34,"column":28},"end":{"line":34,"column":61}},"type":"cond-expr","locations":[{"start":{"line":34,"column":53},"end":{"line":34,"column":54}},{"start":{"line":34,"column":57},"end":{"line":34,"column":61}}]},"1":{"loc":{"start":{"line":71,"column":4},"end":{"line":73,"column":null}},"type":"if","locations":[{"start":{"line":71,"column":4},"end":{"line":73,"column":null}}]},"2":{"loc":{"start":{"line":74,"column":4},"end":{"line":76,"column":null}},"type":"if","locations":[{"start":{"line":74,"column":4},"end":{"line":76,"column":null}}]},"3":{"loc":{"start":{"line":81,"column":4},"end":{"line":83,"column":null}},"type":"if","locations":[{"start":{"line":81,"column":4},"end":{"line":83,"column":null}}]}},"s":{"0":21,"1":21,"2":21,"3":20,"4":20,"5":20,"6":20,"7":20,"8":20,"9":20,"10":41,"11":41,"12":4,"13":4,"14":4,"15":4,"16":4,"17":4,"18":17,"19":16,"20":16,"21":16,"22":16,"23":16,"24":21,"25":17,"26":4,"27":4,"28":0,"29":42,"30":2,"31":4},"f":{"0":21,"1":21,"2":41,"3":4,"4":17,"5":21,"6":42},"b":{"0":[16,4],"1":[17],"2":[4],"3":[2]}}
,"/Users/angelicamarker/Desktop/LNU 2023-2026/lnu-ÅK2/courses/1dv610/examinations/L2-en-modul/health-calculator/src/calculators/BodyCompositionCalculator.ts": {"path":"/Users/angelicamarker/Desktop/LNU 2023-2026/lnu-ÅK2/courses/1dv610/examinations/L2-en-modul/health-calculator/src/calculators/BodyCompositionCalculator.ts","statementMap":{"0":{"start":{"line":21,"column":4},"end":{"line":21,"column":null}},"1":{"start":{"line":22,"column":28},"end":{"line":22,"column":49}},"2":{"start":{"line":23,"column":4},"end":{"line":23,"column":null}},"3":{"start":{"line":31,"column":4},"end":{"line":31,"column":null}},"4":{"start":{"line":32,"column":31},"end":{"line":32,"column":74}},"5":{"start":{"line":33,"column":31},"end":{"line":33,"column":62}},"6":{"start":{"line":35,"column":4},"end":{"line":35,"column":null}},"7":{"start":{"line":43,"column":31},"end":{"line":43,"column":74}},"8":{"start":{"line":44,"column":4},"end":{"line":44,"column":null}},"9":{"start":{"line":48,"column":31},"end":{"line":48,"column":74}},"10":{"start":{"line":49,"column":4},"end":{"line":49,"column":null}},"11":{"start":{"line":53,"column":31},"end":{"line":53,"column":50}},"12":{"start":{"line":54,"column":4},"end":{"line":54,"column":null}},"13":{"start":{"line":58,"column":4},"end":{"line":58,"column":null}},"14":{"start":{"line":59,"column":32},"end":{"line":59,"column":54}},"15":{"start":{"line":60,"column":4},"end":{"line":63,"column":null}},"16":{"start":{"line":64,"column":28},"end":{"line":64,"column":34}},"17":{"start":{"line":65,"column":31},"end":{"line":65,"column":36}},"18":{"start":{"line":66,"column":25},"end":{"line":66,"column":73}},"19":{"start":{"line":67,"column":28},"end":{"line":67,"column":80}},"20":{"start":{"line":68,"column":27},"end":{"line":68,"column":32}},"21":{"start":{"line":70,"column":4},"end":{"line":70,"column":null}},"22":{"start":{"line":77,"column":4},"end":{"line":77,"column":null}},"23":{"start":{"line":78,"column":35},"end":{"line":78,"column":68}},"24":{"start":{"line":79,"column":4},"end":{"line":82,"column":null}},"25":{"start":{"line":83,"column":28},"end":{"line":83,"column":34}},"26":{"start":{"line":84,"column":34},"end":{"line":84,"column":41}},"27":{"start":{"line":85,"column":25},"end":{"line":85,"column":73}},"28":{"start":{"line":87,"column":6},"end":{"line":87,"column":64}},"29":{"start":{"line":88,"column":27},"end":{"line":88,"column":33}},"30":{"start":{"line":90,"column":4},"end":{"line":90,"column":null}},"31":{"start":{"line":96,"column":4},"end":{"line":100,"column":null}},"32":{"start":{"line":97,"column":6},"end":{"line":99,"column":null}},"33":{"start":{"line":106,"column":4},"end":{"line":110,"column":null}},"34":{"start":{"line":107,"column":6},"end":{"line":109,"column":null}},"35":{"start":{"line":116,"column":4},"end":{"line":120,"column":null}},"36":{"start":{"line":117,"column":6},"end":{"line":119,"column":null}},"37":{"start":{"line":126,"column":4},"end":{"line":130,"column":null}},"38":{"start":{"line":127,"column":6},"end":{"line":129,"column":null}},"39":{"start":{"line":134,"column":4},"end":{"line":136,"column":null}},"40":{"start":{"line":135,"column":6},"end":{"line":135,"column":null}},"41":{"start":{"line":143,"column":4},"end":{"line":145,"column":null}},"42":{"start":{"line":144,"column":6},"end":{"line":144,"column":null}},"43":{"start":{"line":147,"column":4},"end":{"line":149,"column":null}},"44":{"start":{"line":148,"column":6},"end":{"line":148,"column":null}},"45":{"start":{"line":151,"column":4},"end":{"line":151,"column":null}},"46":{"start":{"line":158,"column":4},"end":{"line":160,"column":null}},"47":{"start":{"line":159,"column":6},"end":{"line":159,"column":null}},"48":{"start":{"line":161,"column":4},"end":{"line":163,"column":null}},"49":{"start":{"line":162,"column":6},"end":{"line":162,"column":null}},"50":{"start":{"line":165,"column":4},"end":{"line":165,"column":null}},"51":{"start":{"line":172,"column":25},"end":{"line":172,"column":30}},"52":{"start":{"line":173,"column":25},"end":{"line":173,"column":30}},"53":{"start":{"line":174,"column":32},"end":{"line":174,"column":36}},"54":{"start":{"line":177,"column":6},"end":{"line":179,"column":25}},"55":{"start":{"line":180,"column":4},"end":{"line":180,"column":null}},"56":{"start":{"line":187,"column":25},"end":{"line":187,"column":30}},"57":{"start":{"line":188,"column":25},"end":{"line":188,"column":30}},"58":{"start":{"line":189,"column":32},"end":{"line":189,"column":36}},"59":{"start":{"line":192,"column":6},"end":{"line":194,"column":25}},"60":{"start":{"line":195,"column":4},"end":{"line":195,"column":null}},"61":{"start":{"line":13,"column":0},"end":{"line":13,"column":13}}},"fnMap":{"0":{"name":"(anonymous_0)","decl":{"start":{"line":20,"column":2},"end":{"line":20,"column":26}},"loc":{"start":{"line":20,"column":37},"end":{"line":24,"column":3}}},"1":{"name":"(anonymous_1)","decl":{"start":{"line":30,"column":2},"end":{"line":30,"column":29}},"loc":{"start":{"line":30,"column":40},"end":{"line":36,"column":3}}},"2":{"name":"(anonymous_2)","decl":{"start":{"line":42,"column":2},"end":{"line":42,"column":28}},"loc":{"start":{"line":42,"column":39},"end":{"line":45,"column":3}}},"3":{"name":"(anonymous_3)","decl":{"start":{"line":47,"column":2},"end":{"line":47,"column":23}},"loc":{"start":{"line":47,"column":34},"end":{"line":50,"column":3}}},"4":{"name":"(anonymous_4)","decl":{"start":{"line":52,"column":10},"end":{"line":52,"column":35}},"loc":{"start":{"line":52,"column":57},"end":{"line":55,"column":3}}},"5":{"name":"(anonymous_5)","decl":{"start":{"line":57,"column":10},"end":{"line":57,"column":30}},"loc":{"start":{"line":57,"column":69},"end":{"line":71,"column":3}}},"6":{"name":"(anonymous_6)","decl":{"start":{"line":73,"column":10},"end":{"line":73,"column":32}},"loc":{"start":{"line":75,"column":30},"end":{"line":91,"column":3}}},"7":{"name":"(anonymous_7)","decl":{"start":{"line":93,"column":10},"end":{"line":93,"column":29}},"loc":{"start":{"line":94,"column":14},"end":{"line":101,"column":3}}},"8":{"name":"(anonymous_8)","decl":{"start":{"line":103,"column":10},"end":{"line":103,"column":32}},"loc":{"start":{"line":104,"column":14},"end":{"line":111,"column":3}}},"9":{"name":"(anonymous_9)","decl":{"start":{"line":113,"column":10},"end":{"line":113,"column":33}},"loc":{"start":{"line":114,"column":14},"end":{"line":121,"column":3}}},"10":{"name":"(anonymous_10)","decl":{"start":{"line":123,"column":10},"end":{"line":123,"column":30}},"loc":{"start":{"line":124,"column":14},"end":{"line":131,"column":3}}},"11":{"name":"(anonymous_11)","decl":{"start":{"line":133,"column":10},"end":{"line":133,"column":28}},"loc":{"start":{"line":133,"column":69},"end":{"line":137,"column":3}}},"12":{"name":"(anonymous_12)","decl":{"start":{"line":139,"column":10},"end":{"line":139,"column":39}},"loc":{"start":{"line":141,"column":30},"end":{"line":152,"column":3}}},"13":{"name":"(anonymous_13)","decl":{"start":{"line":154,"column":10},"end":{"line":154,"column":44}},"loc":{"start":{"line":156,"column":30},"end":{"line":166,"column":3}}},"14":{"name":"(anonymous_14)","decl":{"start":{"line":168,"column":10},"end":{"line":168,"column":35}},"loc":{"start":{"line":170,"column":30},"end":{"line":181,"column":3}}},"15":{"name":"(anonymous_15)","decl":{"start":{"line":183,"column":10},"end":{"line":183,"column":37}},"loc":{"start":{"line":185,"column":30},"end":{"line":196,"column":3}}}},"branchMap":{"0":{"loc":{"start":{"line":96,"column":4},"end":{"line":100,"column":null}},"type":"if","locations":[{"start":{"line":96,"column":4},"end":{"line":100,"column":null}}]},"1":{"loc":{"start":{"line":96,"column":8},"end":{"line":96,"column":32}},"type":"binary-expr","locations":[{"start":{"line":96,"column":8},"end":{"line":96,"column":19}},{"start":{"line":96,"column":23},"end":{"line":96,"column":32}}]},"2":{"loc":{"start":{"line":106,"column":4},"end":{"line":110,"column":null}},"type":"if","locations":[{"start":{"line":106,"column":4},"end":{"line":110,"column":null}}]},"3":{"loc":{"start":{"line":106,"column":8},"end":{"line":106,"column":35}},"type":"binary-expr","locations":[{"start":{"line":106,"column":8},"end":{"line":106,"column":19}},{"start":{"line":106,"column":23},"end":{"line":106,"column":35}}]},"4":{"loc":{"start":{"line":116,"column":4},"end":{"line":120,"column":null}},"type":"if","locations":[{"start":{"line":116,"column":4},"end":{"line":120,"column":null}}]},"5":{"loc":{"start":{"line":116,"column":8},"end":{"line":116,"column":46}},"type":"binary-expr","locations":[{"start":{"line":116,"column":8},"end":{"line":116,"column":19}},{"start":{"line":116,"column":23},"end":{"line":116,"column":33}},{"start":{"line":116,"column":37},"end":{"line":116,"column":46}}]},"6":{"loc":{"start":{"line":126,"column":4},"end":{"line":130,"column":null}},"type":"if","locations":[{"start":{"line":126,"column":4},"end":{"line":130,"column":null}}]},"7":{"loc":{"start":{"line":126,"column":8},"end":{"line":126,"column":33}},"type":"binary-expr","locations":[{"start":{"line":126,"column":8},"end":{"line":126,"column":19}},{"start":{"line":126,"column":23},"end":{"line":126,"column":33}}]},"8":{"loc":{"start":{"line":134,"column":4},"end":{"line":136,"column":null}},"type":"if","locations":[{"start":{"line":134,"column":4},"end":{"line":136,"column":null}}]},"9":{"loc":{"start":{"line":143,"column":4},"end":{"line":145,"column":null}},"type":"if","locations":[{"start":{"line":143,"column":4},"end":{"line":145,"column":null}}]},"10":{"loc":{"start":{"line":147,"column":4},"end":{"line":149,"column":null}},"type":"if","locations":[{"start":{"line":147,"column":4},"end":{"line":149,"column":null}}]},"11":{"loc":{"start":{"line":158,"column":4},"end":{"line":160,"column":null}},"type":"if","locations":[{"start":{"line":158,"column":4},"end":{"line":160,"column":null}}]},"12":{"loc":{"start":{"line":161,"column":4},"end":{"line":163,"column":null}},"type":"if","locations":[{"start":{"line":161,"column":4},"end":{"line":163,"column":null}}]}},"s":{"0":3,"1":2,"2":2,"3":3,"4":2,"5":2,"6":2,"7":6,"8":6,"9":3,"10":3,"11":11,"12":11,"13":3,"14":1,"15":1,"16":1,"17":1,"18":1,"19":1,"20":1,"21":1,"22":2,"23":1,"24":1,"25":1,"26":1,"27":1,"28":1,"29":1,"30":1,"31":3,"32":1,"33":3,"34":1,"35":2,"36":1,"37":3,"38":2,"39":2,"40":0,"41":6,"42":3,"43":3,"44":2,"45":1,"46":3,"47":1,"48":2,"49":1,"50":1,"51":1,"52":1,"53":1,"54":1,"55":1,"56":1,"57":1,"58":1,"59":1,"60":1,"61":4},"f":{"0":3,"1":3,"2":6,"3":3,"4":11,"5":3,"6":2,"7":3,"8":3,"9":2,"10":3,"11":2,"12":6,"13":3,"14":1,"15":1},"b":{"0":[1],"1":[3,2],"2":[1],"3":[3,2],"4":[1],"5":[2,2,2],"6":[2],"7":[3,2],"8":[0],"9":[3],"10":[2],"11":[1],"12":[1]}}
,"/Users/angelicamarker/Desktop/LNU 2023-2026/lnu-ÅK2/courses/1dv610/examinations/L2-en-modul/health-calculator/src/calculators/CalorieCalculator.ts": {"path":"/Users/angelicamarker/Desktop/LNU 2023-2026/lnu-ÅK2/courses/1dv610/examinations/L2-en-modul/health-calculator/src/calculators/CalorieCalculator.ts","statementMap":{"0":{"start":{"line":20,"column":4},"end":{"line":20,"column":null}},"1":{"start":{"line":21,"column":31},"end":{"line":21,"column":56}},"2":{"start":{"line":22,"column":4},"end":{"line":22,"column":null}},"3":{"start":{"line":32,"column":4},"end":{"line":32,"column":null}},"4":{"start":{"line":42,"column":4},"end":{"line":42,"column":null}},"5":{"start":{"line":53,"column":4},"end":{"line":53,"column":null}},"6":{"start":{"line":54,"column":31},"end":{"line":57,"column":null}},"7":{"start":{"line":59,"column":26},"end":{"line":59,"column":55}},"8":{"start":{"line":60,"column":37},"end":{"line":60,"column":60}},"9":{"start":{"line":62,"column":6},"end":{"line":62,"column":61}},"10":{"start":{"line":63,"column":4},"end":{"line":63,"column":null}},"11":{"start":{"line":71,"column":4},"end":{"line":71,"column":null}},"12":{"start":{"line":72,"column":4},"end":{"line":72,"column":null}},"13":{"start":{"line":74,"column":23},"end":{"line":74,"column":24}},"14":{"start":{"line":75,"column":28},"end":{"line":75,"column":32}},"15":{"start":{"line":76,"column":26},"end":{"line":76,"column":55}},"16":{"start":{"line":77,"column":34},"end":{"line":77,"column":57}},"17":{"start":{"line":78,"column":34},"end":{"line":78,"column":73}},"18":{"start":{"line":80,"column":6},"end":{"line":80,"column":67}},"19":{"start":{"line":82,"column":4},"end":{"line":82,"column":null}},"20":{"start":{"line":88,"column":4},"end":{"line":90,"column":null}},"21":{"start":{"line":89,"column":6},"end":{"line":89,"column":null}},"22":{"start":{"line":96,"column":4},"end":{"line":98,"column":null}},"23":{"start":{"line":97,"column":6},"end":{"line":97,"column":null}},"24":{"start":{"line":104,"column":4},"end":{"line":108,"column":null}},"25":{"start":{"line":105,"column":6},"end":{"line":107,"column":null}},"26":{"start":{"line":116,"column":28},"end":{"line":116,"column":32}},"27":{"start":{"line":117,"column":28},"end":{"line":117,"column":30}},"28":{"start":{"line":119,"column":6},"end":{"line":119,"column":55}},"29":{"start":{"line":120,"column":27},"end":{"line":120,"column":51}},"30":{"start":{"line":121,"column":34},"end":{"line":121,"column":74}},"31":{"start":{"line":122,"column":4},"end":{"line":122,"column":null}},"32":{"start":{"line":14,"column":0},"end":{"line":14,"column":13}}},"fnMap":{"0":{"name":"(anonymous_0)","decl":{"start":{"line":19,"column":2},"end":{"line":19,"column":34}},"loc":{"start":{"line":19,"column":59},"end":{"line":23,"column":3}}},"1":{"name":"(anonymous_1)","decl":{"start":{"line":28,"column":2},"end":{"line":28,"column":38}},"loc":{"start":{"line":30,"column":14},"end":{"line":33,"column":3}}},"2":{"name":"(anonymous_2)","decl":{"start":{"line":38,"column":2},"end":{"line":38,"column":39}},"loc":{"start":{"line":40,"column":14},"end":{"line":43,"column":3}}},"3":{"name":"(anonymous_3)","decl":{"start":{"line":49,"column":2},"end":{"line":49,"column":37}},"loc":{"start":{"line":51,"column":14},"end":{"line":64,"column":3}}},"4":{"name":"(anonymous_4)","decl":{"start":{"line":70,"column":2},"end":{"line":70,"column":32}},"loc":{"start":{"line":70,"column":43},"end":{"line":83,"column":3}}},"5":{"name":"(anonymous_5)","decl":{"start":{"line":85,"column":10},"end":{"line":85,"column":31}},"loc":{"start":{"line":86,"column":14},"end":{"line":91,"column":3}}},"6":{"name":"(anonymous_6)","decl":{"start":{"line":93,"column":10},"end":{"line":93,"column":28}},"loc":{"start":{"line":94,"column":14},"end":{"line":99,"column":3}}},"7":{"name":"(anonymous_7)","decl":{"start":{"line":101,"column":10},"end":{"line":101,"column":29}},"loc":{"start":{"line":102,"column":14},"end":{"line":109,"column":3}}},"8":{"name":"(anonymous_8)","decl":{"start":{"line":111,"column":10},"end":{"line":111,"column":30}},"loc":{"start":{"line":114,"column":16},"end":{"line":123,"column":3}}}},"branchMap":{"0":{"loc":{"start":{"line":88,"column":4},"end":{"line":90,"column":null}},"type":"if","locations":[{"start":{"line":88,"column":4},"end":{"line":90,"column":null}}]},"1":{"loc":{"start":{"line":96,"column":4},"end":{"line":98,"column":null}},"type":"if","locations":[{"start":{"line":96,"column":4},"end":{"line":98,"column":null}}]},"2":{"loc":{"start":{"line":104,"column":4},"end":{"line":108,"column":null}},"type":"if","locations":[{"start":{"line":104,"column":4},"end":{"line":108,"column":null}}]}},"s":{"0":3,"1":2,"2":2,"3":2,"4":2,"5":3,"6":2,"7":2,"8":2,"9":2,"10":2,"11":4,"12":3,"13":2,"14":2,"15":2,"16":2,"17":2,"18":2,"19":2,"20":3,"21":1,"22":7,"23":2,"24":3,"25":1,"26":6,"27":6,"28":6,"29":6,"30":6,"31":6,"32":5},"f":{"0":3,"1":2,"2":2,"3":3,"4":4,"5":3,"6":7,"7":3,"8":6},"b":{"0":[1],"1":[2],"2":[1]}}
,"/Users/angelicamarker/Desktop/LNU 2023-2026/lnu-ÅK2/courses/1dv610/examinations/L2-en-modul/health-calculator/src/calculators/HealthCalculator.ts": {"path":"/Users/angelicamarker/Desktop/LNU 2023-2026/lnu-ÅK2/courses/1dv610/examinations/L2-en-modul/health-calculator/src/calculators/HealthCalculator.ts","statementMap":{"0":{"start":{"line":33,"column":12},"end":{"line":33,"column":22}},"1":{"start":{"line":34,"column":12},"end":{"line":34,"column":49}},"2":{"start":{"line":35,"column":12},"end":{"line":35,"column":73}},"3":{"start":{"line":36,"column":12},"end":{"line":36,"column":49}},"4":{"start":{"line":37,"column":12},"end":{"line":37,"column":51}},"5":{"start":{"line":38,"column":12},"end":{"line":38,"column":57}},"6":{"start":{"line":45,"column":4},"end":{"line":45,"column":null}},"7":{"start":{"line":52,"column":16},"end":{"line":52,"column":29}},"8":{"start":{"line":53,"column":4},"end":{"line":53,"column":null}},"9":{"start":{"line":60,"column":16},"end":{"line":60,"column":29}},"10":{"start":{"line":61,"column":4},"end":{"line":61,"column":null}},"11":{"start":{"line":68,"column":4},"end":{"line":68,"column":null}},"12":{"start":{"line":75,"column":4},"end":{"line":75,"column":null}},"13":{"start":{"line":82,"column":4},"end":{"line":82,"column":null}},"14":{"start":{"line":89,"column":4},"end":{"line":89,"column":null}},"15":{"start":{"line":96,"column":4},"end":{"line":96,"column":null}},"16":{"start":{"line":102,"column":4},"end":{"line":102,"column":null}},"17":{"start":{"line":109,"column":4},"end":{"line":109,"column":null}},"18":{"start":{"line":116,"column":30},"end":{"line":116,"column":57}},"19":{"start":{"line":117,"column":4},"end":{"line":120,"column":null}},"20":{"start":{"line":127,"column":29},"end":{"line":127,"column":55}},"21":{"start":{"line":128,"column":4},"end":{"line":131,"column":null}},"22":{"start":{"line":138,"column":17},"end":{"line":138,"column":45}},"23":{"start":{"line":139,"column":4},"end":{"line":142,"column":null}},"24":{"start":{"line":149,"column":36},"end":{"line":149,"column":69}},"25":{"start":{"line":150,"column":4},"end":{"line":153,"column":null}},"26":{"start":{"line":160,"column":36},"end":{"line":160,"column":69}},"27":{"start":{"line":161,"column":4},"end":{"line":164,"column":null}},"28":{"start":{"line":171,"column":36},"end":{"line":171,"column":69}},"29":{"start":{"line":172,"column":4},"end":{"line":175,"column":null}},"30":{"start":{"line":182,"column":4},"end":{"line":182,"column":null}},"31":{"start":{"line":21,"column":0},"end":{"line":21,"column":13}}},"fnMap":{"0":{"name":"(anonymous_0)","decl":{"start":{"line":32,"column":2},"end":{"line":32,"column":null}},"loc":{"start":{"line":38,"column":57},"end":{"line":39,"column":6}}},"1":{"name":"(anonymous_1)","decl":{"start":{"line":44,"column":2},"end":{"line":44,"column":8}},"loc":{"start":{"line":44,"column":8},"end":{"line":46,"column":3}}},"2":{"name":"(anonymous_2)","decl":{"start":{"line":51,"column":2},"end":{"line":51,"column":12}},"loc":{"start":{"line":51,"column":12},"end":{"line":54,"column":3}}},"3":{"name":"(anonymous_3)","decl":{"start":{"line":59,"column":2},"end":{"line":59,"column":13}},"loc":{"start":{"line":59,"column":13},"end":{"line":62,"column":3}}},"4":{"name":"(anonymous_4)","decl":{"start":{"line":67,"column":2},"end":{"line":67,"column":16}},"loc":{"start":{"line":67,"column":16},"end":{"line":69,"column":3}}},"5":{"name":"(anonymous_5)","decl":{"start":{"line":74,"column":2},"end":{"line":74,"column":20}},"loc":{"start":{"line":74,"column":20},"end":{"line":76,"column":3}}},"6":{"name":"(anonymous_6)","decl":{"start":{"line":81,"column":2},"end":{"line":81,"column":23}},"loc":{"start":{"line":81,"column":23},"end":{"line":83,"column":3}}},"7":{"name":"(anonymous_7)","decl":{"start":{"line":88,"column":2},"end":{"line":88,"column":22}},"loc":{"start":{"line":88,"column":22},"end":{"line":90,"column":3}}},"8":{"name":"(anonymous_8)","decl":{"start":{"line":95,"column":2},"end":{"line":95,"column":17}},"loc":{"start":{"line":95,"column":17},"end":{"line":97,"column":3}}},"9":{"name":"(anonymous_9)","decl":{"start":{"line":101,"column":2},"end":{"line":101,"column":22}},"loc":{"start":{"line":101,"column":22},"end":{"line":103,"column":3}}},"10":{"name":"(anonymous_10)","decl":{"start":{"line":108,"column":2},"end":{"line":108,"column":21}},"loc":{"start":{"line":108,"column":21},"end":{"line":110,"column":3}}},"11":{"name":"(anonymous_11)","decl":{"start":{"line":115,"column":2},"end":{"line":115,"column":23}},"loc":{"start":{"line":115,"column":23},"end":{"line":121,"column":3}}},"12":{"name":"(anonymous_12)","decl":{"start":{"line":126,"column":2},"end":{"line":126,"column":22}},"loc":{"start":{"line":126,"column":22},"end":{"line":132,"column":3}}},"13":{"name":"(anonymous_13)","decl":{"start":{"line":137,"column":2},"end":{"line":137,"column":28}},"loc":{"start":{"line":137,"column":28},"end":{"line":143,"column":3}}},"14":{"name":"(anonymous_14)","decl":{"start":{"line":148,"column":2},"end":{"line":148,"column":32}},"loc":{"start":{"line":148,"column":32},"end":{"line":154,"column":3}}},"15":{"name":"(anonymous_15)","decl":{"start":{"line":159,"column":2},"end":{"line":159,"column":33}},"loc":{"start":{"line":159,"column":33},"end":{"line":165,"column":3}}},"16":{"name":"(anonymous_16)","decl":{"start":{"line":170,"column":2},"end":{"line":170,"column":29}},"loc":{"start":{"line":170,"column":29},"end":{"line":176,"column":3}}},"17":{"name":"(anonymous_17)","decl":{"start":{"line":181,"column":2},"end":{"line":181,"column":26}},"loc":{"start":{"line":181,"column":26},"end":{"line":183,"column":3}}}},"branchMap":{},"s":{"0":38,"1":38,"2":38,"3":38,"4":38,"5":38,"6":9,"7":4,"8":4,"9":1,"10":1,"11":1,"12":2,"13":2,"14":2,"15":2,"16":20,"17":20,"18":8,"19":8,"20":8,"21":8,"22":0,"23":0,"24":0,"25":0,"26":0,"27":0,"28":0,"29":0,"30":0,"31":4},"f":{"0":38,"1":9,"2":4,"3":1,"4":1,"5":2,"6":2,"7":2,"8":2,"9":20,"10":20,"11":8,"12":8,"13":0,"14":0,"15":0,"16":0,"17":0},"b":{}}
,"/Users/angelicamarker/Desktop/LNU 2023-2026/lnu-ÅK2/courses/1dv610/examinations/L2-en-modul/health-calculator/src/calculators/TdeeCalculator.ts": {"path":"/Users/angelicamarker/Desktop/LNU 2023-2026/lnu-ÅK2/courses/1dv610/examinations/L2-en-modul/health-calculator/src/calculators/TdeeCalculator.ts","statementMap":{"0":{"start":{"line":18,"column":4},"end":{"line":18,"column":null}},"1":{"start":{"line":19,"column":16},"end":{"line":19,"column":32}},"2":{"start":{"line":20,"column":27},"end":{"line":20,"column":69}},"3":{"start":{"line":22,"column":4},"end":{"line":22,"column":null}},"4":{"start":{"line":30,"column":4},"end":{"line":30,"column":null}},"5":{"start":{"line":31,"column":16},"end":{"line":31,"column":33}},"6":{"start":{"line":32,"column":27},"end":{"line":32,"column":69}},"7":{"start":{"line":34,"column":4},"end":{"line":34,"column":null}},"8":{"start":{"line":38,"column":4},"end":{"line":40,"column":null}},"9":{"start":{"line":39,"column":6},"end":{"line":39,"column":null}},"10":{"start":{"line":41,"column":4},"end":{"line":43,"column":null}},"11":{"start":{"line":42,"column":6},"end":{"line":42,"column":null}},"12":{"start":{"line":44,"column":4},"end":{"line":46,"column":null}},"13":{"start":{"line":45,"column":6},"end":{"line":45,"column":null}},"14":{"start":{"line":47,"column":4},"end":{"line":49,"column":null}},"15":{"start":{"line":48,"column":6},"end":{"line":48,"column":null}},"16":{"start":{"line":50,"column":4},"end":{"line":52,"column":null}},"17":{"start":{"line":51,"column":6},"end":{"line":51,"column":null}},"18":{"start":{"line":53,"column":4},"end":{"line":55,"column":null}},"19":{"start":{"line":61,"column":4},"end":{"line":63,"column":null}},"20":{"start":{"line":62,"column":6},"end":{"line":62,"column":null}},"21":{"start":{"line":67,"column":4},"end":{"line":67,"column":null}},"22":{"start":{"line":12,"column":4},"end":{"line":12,"column":17}}},"fnMap":{"0":{"name":"(anonymous_0)","decl":{"start":{"line":17,"column":2},"end":{"line":17,"column":28}},"loc":{"start":{"line":17,"column":65},"end":{"line":23,"column":3}}},"1":{"name":"(anonymous_1)","decl":{"start":{"line":29,"column":2},"end":{"line":29,"column":29}},"loc":{"start":{"line":29,"column":67},"end":{"line":35,"column":3}}},"2":{"name":"(anonymous_2)","decl":{"start":{"line":37,"column":10},"end":{"line":37,"column":27}},"loc":{"start":{"line":37,"column":49},"end":{"line":56,"column":3}}},"3":{"name":"(anonymous_3)","decl":{"start":{"line":58,"column":10},"end":{"line":58,"column":37}},"loc":{"start":{"line":59,"column":14},"end":{"line":64,"column":3}}},"4":{"name":"(anonymous_4)","decl":{"start":{"line":66,"column":10},"end":{"line":66,"column":23}},"loc":{"start":{"line":66,"column":59},"end":{"line":68,"column":3}}}},"branchMap":{"0":{"loc":{"start":{"line":38,"column":4},"end":{"line":40,"column":null}},"type":"if","locations":[{"start":{"line":38,"column":4},"end":{"line":40,"column":null}}]},"1":{"loc":{"start":{"line":41,"column":4},"end":{"line":43,"column":null}},"type":"if","locations":[{"start":{"line":41,"column":4},"end":{"line":43,"column":null}}]},"2":{"loc":{"start":{"line":44,"column":4},"end":{"line":46,"column":null}},"type":"if","locations":[{"start":{"line":44,"column":4},"end":{"line":46,"column":null}}]},"3":{"loc":{"start":{"line":47,"column":4},"end":{"line":49,"column":null}},"type":"if","locations":[{"start":{"line":47,"column":4},"end":{"line":49,"column":null}}]},"4":{"loc":{"start":{"line":50,"column":4},"end":{"line":52,"column":null}},"type":"if","locations":[{"start":{"line":50,"column":4},"end":{"line":52,"column":null}}]},"5":{"loc":{"start":{"line":61,"column":4},"end":{"line":63,"column":null}},"type":"if","locations":[{"start":{"line":61,"column":4},"end":{"line":63,"column":null}}]},"6":{"loc":{"start":{"line":61,"column":8},"end":{"line":61,"column":40}},"type":"binary-expr","locations":[{"start":{"line":61,"column":8},"end":{"line":61,"column":17}},{"start":{"line":61,"column":21},"end":{"line":61,"column":40}}]}},"s":{"0":10,"1":8,"2":8,"3":8,"4":10,"5":8,"6":8,"7":8,"8":16,"9":4,"10":12,"11":2,"12":10,"13":4,"14":6,"15":4,"16":2,"17":2,"18":0,"19":20,"20":4,"21":16,"22":4},"f":{"0":10,"1":10,"2":16,"3":20,"4":16},"b":{"0":[4],"1":[2],"2":[4],"3":[4],"4":[2],"5":[4],"6":[20,18]}}
,"/Users/angelicamarker/Desktop/LNU 2023-2026/lnu-ÅK2/courses/1dv610/examinations/L2-en-modul/health-calculator/src/enums/constants.ts": {"path":"/Users/angelicamarker/Desktop/LNU 2023-2026/lnu-ÅK2/courses/1dv610/examinations/L2-en-modul/health-calculator/src/enums/constants.ts","statementMap":{"0":{"start":{"line":7,"column":0},"end":{"line":7,"column":null}},"1":{"start":{"line":8,"column":2},"end":{"line":8,"column":null}},"2":{"start":{"line":9,"column":2},"end":{"line":9,"column":null}},"3":{"start":{"line":10,"column":2},"end":{"line":10,"column":null}},"4":{"start":{"line":11,"column":2},"end":{"line":11,"column":null}},"5":{"start":{"line":12,"column":2},"end":{"line":12,"column":null}},"6":{"start":{"line":13,"column":2},"end":{"line":13,"column":null}},"7":{"start":{"line":14,"column":2},"end":{"line":14,"column":null}},"8":{"start":{"line":15,"column":2},"end":{"line":15,"column":null}},"9":{"start":{"line":24,"column":13},"end":{"line":33,"column":null}}},"fnMap":{"0":{"name":"(anonymous_0)","decl":{"start":{"line":7,"column":0},"end":{"line":7,"column":12}},"loc":{"start":{"line":7,"column":19},"end":{"line":16,"column":1}}}},"branchMap":{"0":{"loc":{"start":{"line":7,"column":12},"end":{"line":7,"column":null}},"type":"binary-expr","locations":[{"start":{"line":7,"column":12},"end":{"line":7,"column":19}},{"start":{"line":7,"column":19},"end":{"line":7,"column":null}}]}},"s":{"0":4,"1":4,"2":4,"3":4,"4":4,"5":4,"6":4,"7":4,"8":4,"9":4},"f":{"0":4},"b":{"0":[4,4]}}
,"/Users/angelicamarker/Desktop/LNU 2023-2026/lnu-ÅK2/courses/1dv610/examinations/L2-en-modul/health-calculator/src/factories/HealthCalculatorFactory.ts": {"path":"/Users/angelicamarker/Desktop/LNU 2023-2026/lnu-ÅK2/courses/1dv610/examinations/L2-en-modul/health-calculator/src/factories/HealthCalculatorFactory.ts","statementMap":{"0":{"start":{"line":8,"column":0},"end":{"line":8,"column":66}},"1":{"start":{"line":9,"column":0},"end":{"line":9,"column":60}},"2":{"start":{"line":10,"column":0},"end":{"line":10,"column":84}},"3":{"start":{"line":11,"column":0},"end":{"line":11,"column":60}},"4":{"start":{"line":12,"column":0},"end":{"line":12,"column":62}},"5":{"start":{"line":13,"column":0},"end":{"line":13,"column":62}},"6":{"start":{"line":14,"column":0},"end":{"line":14,"column":44}},"7":{"start":{"line":15,"column":0},"end":{"line":15,"column":60}},"8":{"start":{"line":16,"column":0},"end":{"line":16,"column":68}},"9":{"start":{"line":32,"column":4},"end":{"line":32,"column":null}},"10":{"start":{"line":33,"column":21},"end":{"line":33,"column":35}},"11":{"start":{"line":34,"column":23},"end":{"line":34,"column":60}},"12":{"start":{"line":36,"column":26},"end":{"line":36,"column":45}},"13":{"start":{"line":37,"column":38},"end":{"line":37,"column":69}},"14":{"start":{"line":38,"column":26},"end":{"line":38,"column":45}},"15":{"start":{"line":39,"column":27},"end":{"line":39,"column":47}},"16":{"start":{"line":40,"column":30},"end":{"line":40,"column":53}},"17":{"start":{"line":42,"column":4},"end":{"line":49,"column":null}},"18":{"start":{"line":23,"column":0},"end":{"line":23,"column":13}}},"fnMap":{"0":{"name":"(anonymous_0)","decl":{"start":{"line":31,"column":2},"end":{"line":31,"column":8}},"loc":{"start":{"line":31,"column":42},"end":{"line":50,"column":3}}}},"branchMap":{},"s":{"0":4,"1":4,"2":4,"3":4,"4":4,"5":4,"6":4,"7":4,"8":4,"9":40,"10":38,"11":38,"12":38,"13":38,"14":38,"15":38,"16":38,"17":38,"18":4},"f":{"0":40},"b":{}}
,"/Users/angelicamarker/Desktop/LNU 2023-2026/lnu-ÅK2/courses/1dv610/examinations/L2-en-modul/health-calculator/src/utils/copyUser.ts": {"path":"/Users/angelicamarker/Desktop/LNU 2023-2026/lnu-ÅK2/courses/1dv610/examinations/L2-en-modul/health-calculator/src/utils/copyUser.ts","statementMap":{"0":{"start":{"line":15,"column":2},"end":{"line":15,"column":20}},"1":{"start":{"line":14,"column":0},"end":{"line":14,"column":16}}},"fnMap":{"0":{"name":"copyUser","decl":{"start":{"line":14,"column":16},"end":{"line":14,"column":24}},"loc":{"start":{"line":14,"column":35},"end":{"line":16,"column":1}}}},"branchMap":{},"s":{"0":38,"1":4},"f":{"0":38},"b":{}}
,"/Users/angelicamarker/Desktop/LNU 2023-2026/lnu-ÅK2/courses/1dv610/examinations/L2-en-modul/health-calculator/src/utils/unitConverter.ts": {"path":"/Users/angelicamarker/Desktop/LNU 2023-2026/lnu-ÅK2/courses/1dv610/examinations/L2-en-modul/health-calculator/src/utils/unitConverter.ts","statementMap":{"0":{"start":{"line":9,"column":2},"end":{"line":25,"column":null}},"1":{"start":{"line":10,"column":4},"end":{"line":10,"column":null}},"2":{"start":{"line":12,"column":4},"end":{"line":23,"column":null}},"3":{"start":{"line":8,"column":0},"end":{"line":8,"column":16}},"4":{"start":{"line":29,"column":2},"end":{"line":29,"column":null}},"5":{"start":{"line":33,"column":2},"end":{"line":33,"column":null}},"6":{"start":{"line":37,"column":2},"end":{"line":37,"column":null}}},"fnMap":{"0":{"name":"convertUserToMetric","decl":{"start":{"line":8,"column":16},"end":{"line":8,"column":35}},"loc":{"start":{"line":8,"column":46},"end":{"line":26,"column":1}}},"1":{"name":"feetToMeters","decl":{"start":{"line":28,"column":9},"end":{"line":28,"column":21}},"loc":{"start":{"line":28,"column":34},"end":{"line":30,"column":1}}},"2":{"name":"lbsToKg","decl":{"start":{"line":32,"column":9},"end":{"line":32,"column":16}},"loc":{"start":{"line":32,"column":28},"end":{"line":34,"column":1}}},"3":{"name":"inchesToCentimeters","decl":{"start":{"line":36,"column":9},"end":{"line":36,"column":28}},"loc":{"start":{"line":36,"column":43},"end":{"line":38,"column":1}}}},"branchMap":{"0":{"loc":{"start":{"line":9,"column":2},"end":{"line":25,"column":null}},"type":"if","locations":[{"start":{"line":9,"column":2},"end":{"line":25,"column":null}},{"start":{"line":11,"column":9},"end":{"line":25,"column":null}}]},"1":{"loc":{"start":{"line":17,"column":8},"end":{"line":17,"column":78}},"type":"cond-expr","locations":[{"start":{"line":17,"column":35},"end":{"line":17,"column":66}},{"start":{"line":17,"column":69},"end":{"line":17,"column":78}}]},"2":{"loc":{"start":{"line":18,"column":11},"end":{"line":18,"column":77}},"type":"cond-expr","locations":[{"start":{"line":18,"column":36},"end":{"line":18,"column":65}},{"start":{"line":18,"column":68},"end":{"line":18,"column":77}}]},"3":{"loc":{"start":{"line":20,"column":8},"end":{"line":20,"column":76}},"type":"cond-expr","locations":[{"start":{"line":20,"column":34},"end":{"line":20,"column":64}},{"start":{"line":20,"column":67},"end":{"line":20,"column":76}}]},"4":{"loc":{"start":{"line":22,"column":8},"end":{"line":22,"column":76}},"type":"cond-expr","locations":[{"start":{"line":22,"column":40},"end":{"line":22,"column":64}},{"start":{"line":22,"column":67},"end":{"line":22,"column":76}}]}},"s":{"0":38,"1":30,"2":8,"3":4,"4":8,"5":8,"6":24},"f":{"0":38,"1":8,"2":8,"3":24},"b":{"0":[30,8],"1":[8,0],"2":[8,0],"3":[8,0],"4":[0,8]}}
,"/Users/angelicamarker/Desktop/LNU 2023-2026/lnu-ÅK2/courses/1dv610/examinations/L2-en-modul/health-calculator/src/utils/validateUserInput.ts": {"path":"/Users/angelicamarker/Desktop/LNU 2023-2026/lnu-ÅK2/courses/1dv610/examinations/L2-en-modul/health-calculator/src/utils/validateUserInput.ts","statementMap":{"0":{"start":{"line":9,"column":2},"end":{"line":26,"column":null}},"1":{"start":{"line":10,"column":4},"end":{"line":10,"column":null}},"2":{"start":{"line":11,"column":4},"end":{"line":11,"column":null}},"3":{"start":{"line":12,"column":4},"end":{"line":12,"column":null}},"4":{"start":{"line":13,"column":4},"end":{"line":13,"column":null}},"5":{"start":{"line":14,"column":4},"end":{"line":14,"column":null}},"6":{"start":{"line":15,"column":4},"end":{"line":15,"column":null}},"7":{"start":{"line":16,"column":4},"end":{"line":16,"column":null}},"8":{"start":{"line":17,"column":4},"end":{"line":17,"column":null}},"9":{"start":{"line":18,"column":4},"end":{"line":18,"column":null}},"10":{"start":{"line":19,"column":4},"end":{"line":19,"column":null}},"11":{"start":{"line":20,"column":4},"end":{"line":20,"column":null}},"12":{"start":{"line":22,"column":25},"end":{"line":24,"column":37}},"13":{"start":{"line":25,"column":4},"end":{"line":25,"column":null}},"14":{"start":{"line":8,"column":0},"end":{"line":8,"column":16}},"15":{"start":{"line":30,"column":40},"end":{"line":38,"column":null}},"16":{"start":{"line":39,"column":2},"end":{"line":45,"column":null}},"17":{"start":{"line":40,"column":4},"end":{"line":44,"column":null}},"18":{"start":{"line":41,"column":6},"end":{"line":43,"column":null}},"19":{"start":{"line":42,"column":8},"end":{"line":42,"column":null}},"20":{"start":{"line":49,"column":2},"end":{"line":55,"column":null}},"21":{"start":{"line":50,"column":4},"end":{"line":54,"column":null}},"22":{"start":{"line":56,"column":2},"end":{"line":62,"column":null}},"23":{"start":{"line":57,"column":4},"end":{"line":61,"column":null}},"24":{"start":{"line":70,"column":2},"end":{"line":74,"column":null}},"25":{"start":{"line":71,"column":4},"end":{"line":73,"column":null}},"26":{"start":{"line":75,"column":2},"end":{"line":91,"column":null}},"27":{"start":{"line":76,"column":4},"end":{"line":82,"column":null}},"28":{"start":{"line":77,"column":6},"end":{"line":81,"column":null}},"29":{"start":{"line":84,"column":4},"end":{"line":90,"column":null}},"30":{"start":{"line":85,"column":6},"end":{"line":89,"column":null}},"31":{"start":{"line":99,"column":2},"end":{"line":103,"column":null}},"32":{"start":{"line":100,"column":4},"end":{"line":102,"column":null}},"33":{"start":{"line":104,"column":2},"end":{"line":120,"column":null}},"34":{"start":{"line":105,"column":4},"end":{"line":111,"column":null}},"35":{"start":{"line":106,"column":6},"end":{"line":110,"column":null}},"36":{"start":{"line":113,"column":4},"end":{"line":119,"column":null}},"37":{"start":{"line":114,"column":6},"end":{"line":118,"column":null}},"38":{"start":{"line":124,"column":2},"end":{"line":126,"column":null}},"39":{"start":{"line":125,"column":4},"end":{"line":125,"column":10}},"40":{"start":{"line":127,"column":2},"end":{"line":133,"column":null}},"41":{"start":{"line":128,"column":4},"end":{"line":132,"column":null}},"42":{"start":{"line":137,"column":2},"end":{"line":139,"column":null}},"43":{"start":{"line":138,"column":4},"end":{"line":138,"column":10}},"44":{"start":{"line":140,"column":2},"end":{"line":146,"column":null}},"45":{"start":{"line":141,"column":4},"end":{"line":145,"column":null}},"46":{"start":{"line":153,"column":2},"end":{"line":155,"column":null}},"47":{"start":{"line":154,"column":4},"end":{"line":154,"column":10}},"48":{"start":{"line":156,"column":2},"end":{"line":168,"column":null}},"49":{"start":{"line":163,"column":4},"end":{"line":167,"column":null}},"50":{"start":{"line":172,"column":2},"end":{"line":174,"column":null}},"51":{"start":{"line":173,"column":4},"end":{"line":173,"column":10}},"52":{"start":{"line":175,"column":2},"end":{"line":180,"column":null}},"53":{"start":{"line":176,"column":4},"end":{"line":180,"column":null}},"54":{"start":{"line":184,"column":2},"end":{"line":186,"column":null}},"55":{"start":{"line":185,"column":4},"end":{"line":185,"column":10}},"56":{"start":{"line":187,"column":2},"end":{"line":193,"column":null}},"57":{"start":{"line":188,"column":4},"end":{"line":192,"column":null}},"58":{"start":{"line":197,"column":2},"end":{"line":199,"column":null}},"59":{"start":{"line":198,"column":4},"end":{"line":198,"column":10}},"60":{"start":{"line":200,"column":2},"end":{"line":206,"column":null}},"61":{"start":{"line":201,"column":4},"end":{"line":205,"column":null}}},"fnMap":{"0":{"name":"validateUserInput","decl":{"start":{"line":8,"column":16},"end":{"line":8,"column":33}},"loc":{"start":{"line":8,"column":44},"end":{"line":27,"column":1}}},"1":{"name":"validateNumericFields","decl":{"start":{"line":29,"column":9},"end":{"line":29,"column":30}},"loc":{"start":{"line":29,"column":41},"end":{"line":46,"column":1}}},"2":{"name":"(anonymous_2)","decl":{"start":{"line":39,"column":24},"end":{"line":39,"column":25}},"loc":{"start":{"line":39,"column":34},"end":{"line":45,"column":3}}},"3":{"name":"validateUnitSystem","decl":{"start":{"line":48,"column":9},"end":{"line":48,"column":27}},"loc":{"start":{"line":48,"column":73},"end":{"line":63,"column":1}}},"4":{"name":"validateWeight","decl":{"start":{"line":65,"column":9},"end":{"line":65,"column":23}},"loc":{"start":{"line":68,"column":12},"end":{"line":92,"column":1}}},"5":{"name":"validateHeight","decl":{"start":{"line":94,"column":9},"end":{"line":94,"column":23}},"loc":{"start":{"line":97,"column":12},"end":{"line":121,"column":1}}},"6":{"name":"validateGender","decl":{"start":{"line":123,"column":9},"end":{"line":123,"column":23}},"loc":{"start":{"line":123,"column":63},"end":{"line":134,"column":1}}},"7":{"name":"validateAge","decl":{"start":{"line":136,"column":9},"end":{"line":136,"column":20}},"loc":{"start":{"line":136,"column":46},"end":{"line":147,"column":1}}},"8":{"name":"validateActivityLevel","decl":{"start":{"line":149,"column":9},"end":{"line":149,"column":30}},"loc":{"start":{"line":151,"column":13},"end":{"line":169,"column":1}}},"9":{"name":"validateDailyCalories","decl":{"start":{"line":171,"column":9},"end":{"line":171,"column":30}},"loc":{"start":{"line":171,"column":66},"end":{"line":181,"column":1}}},"10":{"name":"validateWeightGoal","decl":{"start":{"line":183,"column":9},"end":{"line":183,"column":27}},"loc":{"start":{"line":183,"column":60},"end":{"line":194,"column":1}}},"11":{"name":"validateWeeksToWeightGoal","decl":{"start":{"line":196,"column":9},"end":{"line":196,"column":34}},"loc":{"start":{"line":196,"column":62},"end":{"line":207,"column":1}}}},"branchMap":{"0":{"loc":{"start":{"line":40,"column":4},"end":{"line":44,"column":null}},"type":"if","locations":[{"start":{"line":40,"column":4},"end":{"line":44,"column":null}}]},"1":{"loc":{"start":{"line":40,"column":8},"end":{"line":40,"column":50}},"type":"binary-expr","locations":[{"start":{"line":40,"column":8},"end":{"line":40,"column":21}},{"start":{"line":40,"column":25},"end":{"line":40,"column":50}}]},"2":{"loc":{"start":{"line":41,"column":6},"end":{"line":43,"column":null}},"type":"if","locations":[{"start":{"line":41,"column":6},"end":{"line":43,"column":null}}]},"3":{"loc":{"start":{"line":49,"column":2},"end":{"line":55,"column":null}},"type":"if","locations":[{"start":{"line":49,"column":2},"end":{"line":55,"column":null}}]},"4":{"loc":{"start":{"line":56,"column":2},"end":{"line":62,"column":null}},"type":"if","locations":[{"start":{"line":56,"column":2},"end":{"line":62,"column":null}}]},"5":{"loc":{"start":{"line":70,"column":2},"end":{"line":74,"column":null}},"type":"if","locations":[{"start":{"line":70,"column":2},"end":{"line":74,"column":null}}]},"6":{"loc":{"start":{"line":70,"column":6},"end":{"line":70,"column":56}},"type":"binary-expr","locations":[{"start":{"line":70,"column":6},"end":{"line":70,"column":26}},{"start":{"line":70,"column":30},"end":{"line":70,"column":56}}]},"7":{"loc":{"start":{"line":75,"column":2},"end":{"line":91,"column":null}},"type":"if","locations":[{"start":{"line":75,"column":2},"end":{"line":91,"column":null}},{"start":{"line":83,"column":9},"end":{"line":91,"column":null}}]},"8":{"loc":{"start":{"line":76,"column":4},"end":{"line":82,"column":null}},"type":"if","locations":[{"start":{"line":76,"column":4},"end":{"line":82,"column":null}}]},"9":{"loc":{"start":{"line":76,"column":8},"end":{"line":76,"column":34}},"type":"binary-expr","locations":[{"start":{"line":76,"column":8},"end":{"line":76,"column":18}},{"start":{"line":76,"column":22},"end":{"line":76,"column":34}}]},"10":{"loc":{"start":{"line":84,"column":4},"end":{"line":90,"column":null}},"type":"if","locations":[{"start":{"line":84,"column":4},"end":{"line":90,"column":null}}]},"11":{"loc":{"start":{"line":84,"column":8},"end":{"line":84,"column":35}},"type":"binary-expr","locations":[{"start":{"line":84,"column":8},"end":{"line":84,"column":18}},{"start":{"line":84,"column":22},"end":{"line":84,"column":35}}]},"12":{"loc":{"start":{"line":99,"column":2},"end":{"line":103,"column":null}},"type":"if","locations":[{"start":{"line":99,"column":2},"end":{"line":103,"column":null}}]},"13":{"loc":{"start":{"line":99,"column":6},"end":{"line":99,"column":56}},"type":"binary-expr","locations":[{"start":{"line":99,"column":6},"end":{"line":99,"column":26}},{"start":{"line":99,"column":30},"end":{"line":99,"column":56}}]},"14":{"loc":{"start":{"line":104,"column":2},"end":{"line":120,"column":null}},"type":"if","locations":[{"start":{"line":104,"column":2},"end":{"line":120,"column":null}},{"start":{"line":112,"column":9},"end":{"line":120,"column":null}}]},"15":{"loc":{"start":{"line":105,"column":4},"end":{"line":111,"column":null}},"type":"if","locations":[{"start":{"line":105,"column":4},"end":{"line":111,"column":null}}]},"16":{"loc":{"start":{"line":105,"column":8},"end":{"line":105,"column":36}},"type":"binary-expr","locations":[{"start":{"line":105,"column":8},"end":{"line":105,"column":19}},{"start":{"line":105,"column":23},"end":{"line":105,"column":36}}]},"17":{"loc":{"start":{"line":113,"column":4},"end":{"line":119,"column":null}},"type":"if","locations":[{"start":{"line":113,"column":4},"end":{"line":119,"column":null}}]},"18":{"loc":{"start":{"line":113,"column":8},"end":{"line":113,"column":34}},"type":"binary-expr","locations":[{"start":{"line":113,"column":8},"end":{"line":113,"column":18}},{"start":{"line":113,"column":22},"end":{"line":113,"column":34}}]},"19":{"loc":{"start":{"line":124,"column":2},"end":{"line":126,"column":null}},"type":"if","locations":[{"start":{"line":124,"column":2},"end":{"line":126,"column":null}}]},"20":{"loc":{"start":{"line":127,"column":2},"end":{"line":133,"column":null}},"type":"if","locations":[{"start":{"line":127,"column":2},"end":{"line":133,"column":null}}]},"21":{"loc":{"start":{"line":127,"column":6},"end":{"line":127,"column":46}},"type":"binary-expr","locations":[{"start":{"line":127,"column":6},"end":{"line":127,"column":23}},{"start":{"line":127,"column":27},"end":{"line":127,"column":46}}]},"22":{"loc":{"start":{"line":137,"column":2},"end":{"line":139,"column":null}},"type":"if","locations":[{"start":{"line":137,"column":2},"end":{"line":139,"column":null}}]},"23":{"loc":{"start":{"line":140,"column":2},"end":{"line":146,"column":null}},"type":"if","locations":[{"start":{"line":140,"column":2},"end":{"line":146,"column":null}}]},"24":{"loc":{"start":{"line":153,"column":2},"end":{"line":155,"column":null}},"type":"if","locations":[{"start":{"line":153,"column":2},"end":{"line":155,"column":null}}]},"25":{"loc":{"start":{"line":156,"column":2},"end":{"line":168,"column":null}},"type":"if","locations":[{"start":{"line":156,"column":2},"end":{"line":168,"column":null}}]},"26":{"loc":{"start":{"line":157,"column":4},"end":{"line":161,"column":32}},"type":"binary-expr","locations":[{"start":{"line":157,"column":4},"end":{"line":157,"column":32}},{"start":{"line":158,"column":4},"end":{"line":158,"column":30}},{"start":{"line":159,"column":4},"end":{"line":159,"column":33}},{"start":{"line":160,"column":4},"end":{"line":160,"column":27}},{"start":{"line":161,"column":4},"end":{"line":161,"column":32}}]},"27":{"loc":{"start":{"line":172,"column":2},"end":{"line":174,"column":null}},"type":"if","locations":[{"start":{"line":172,"column":2},"end":{"line":174,"column":null}}]},"28":{"loc":{"start":{"line":175,"column":2},"end":{"line":180,"column":null}},"type":"if","locations":[{"start":{"line":175,"column":2},"end":{"line":180,"column":null}}]},"29":{"loc":{"start":{"line":184,"column":2},"end":{"line":186,"column":null}},"type":"if","locations":[{"start":{"line":184,"column":2},"end":{"line":186,"column":null}}]},"30":{"loc":{"start":{"line":187,"column":2},"end":{"line":193,"column":null}},"type":"if","locations":[{"start":{"line":187,"column":2},"end":{"line":193,"column":null}}]},"31":{"loc":{"start":{"line":197,"column":2},"end":{"line":199,"column":null}},"type":"if","locations":[{"start":{"line":197,"column":2},"end":{"line":199,"column":null}}]},"32":{"loc":{"start":{"line":200,"column":2},"end":{"line":206,"column":null}},"type":"if","locations":[{"start":{"line":200,"column":2},"end":{"line":206,"column":null}}]}},"s":{"0":56,"1":56,"2":56,"3":51,"4":46,"5":46,"6":46,"7":46,"8":46,"9":45,"10":44,"11":43,"12":13,"13":13,"14":5,"15":56,"16":56,"17":392,"18":194,"19":0,"20":46,"21":0,"22":46,"23":0,"24":56,"25":1,"26":55,"27":44,"28":3,"29":11,"30":1,"31":51,"32":3,"33":48,"34":38,"35":1,"36":10,"37":1,"38":46,"39":5,"40":41,"41":0,"42":46,"43":5,"44":41,"45":1,"46":46,"47":5,"48":41,"49":0,"50":46,"51":44,"52":2,"53":1,"54":45,"55":43,"56":2,"57":1,"58":44,"59":42,"60":2,"61":1},"f":{"0":56,"1":56,"2":392,"3":46,"4":56,"5":51,"6":46,"7":46,"8":46,"9":46,"10":45,"11":44},"b":{"0":[194],"1":[392,194],"2":[0],"3":[0],"4":[0],"5":[1],"6":[56,56],"7":[44,11],"8":[3],"9":[44,42],"10":[1],"11":[11,11],"12":[3],"13":[51,49],"14":[38,10],"15":[1],"16":[38,38],"17":[1],"18":[10,10],"19":[5],"20":[0],"21":[41,12],"22":[5],"23":[1],"24":[5],"25":[0],"26":[41,30,25,10,2],"27":[44],"28":[1],"29":[43],"30":[1],"31":[42],"32":[1]}}
}
