{"/Users/angelicamarker/Desktop/LNU 2023-2026/lnu-ÅK2/courses/1dv610/examinations/L2-en-modul/health-calculator/src/__test__/testData.ts": {"path":"/Users/angelicamarker/Desktop/LNU 2023-2026/lnu-ÅK2/courses/1dv610/examinations/L2-en-modul/health-calculator/src/__test__/testData.ts","statementMap":{"0":{"start":{"line":3,"column":13},"end":{"line":94,"column":null}}},"fnMap":{},"branchMap":{},"s":{"0":5},"f":{},"b":{}}
,"/Users/angelicamarker/Desktop/LNU 2023-2026/lnu-ÅK2/courses/1dv610/examinations/L2-en-modul/health-calculator/src/calculators/BmiCalculator.ts": {"path":"/Users/angelicamarker/Desktop/LNU 2023-2026/lnu-ÅK2/courses/1dv610/examinations/L2-en-modul/health-calculator/src/calculators/BmiCalculator.ts","statementMap":{"0":{"start":{"line":8,"column":0},"end":{"line":8,"column":55}},"1":{"start":{"line":19,"column":16},"end":{"line":19,"column":54}},"2":{"start":{"line":20,"column":4},"end":{"line":20,"column":null}},"3":{"start":{"line":28,"column":23},"end":{"line":28,"column":38}},"4":{"start":{"line":29,"column":4},"end":{"line":33,"column":null}},"5":{"start":{"line":30,"column":6},"end":{"line":32,"column":null}},"6":{"start":{"line":31,"column":8},"end":{"line":31,"column":null}},"7":{"start":{"line":34,"column":4},"end":{"line":36,"column":null}},"8":{"start":{"line":44,"column":27},"end":{"line":45,"column":null}},"9":{"start":{"line":45,"column":17},"end":{"line":45,"column":46}},"10":{"start":{"line":48,"column":4},"end":{"line":60,"column":null}},"11":{"start":{"line":49,"column":27},"end":{"line":49,"column":45}},"12":{"start":{"line":50,"column":27},"end":{"line":50,"column":45}},"13":{"start":{"line":52,"column":29},"end":{"line":52,"column":68}},"14":{"start":{"line":53,"column":29},"end":{"line":53,"column":68}},"15":{"start":{"line":55,"column":6},"end":{"line":55,"column":null}},"16":{"start":{"line":57,"column":6},"end":{"line":59,"column":null}},"17":{"start":{"line":67,"column":21},"end":{"line":67,"column":29}},"18":{"start":{"line":68,"column":4},"end":{"line":68,"column":null}},"19":{"start":{"line":14,"column":0},"end":{"line":14,"column":13}}},"fnMap":{"0":{"name":"(anonymous_0)","decl":{"start":{"line":18,"column":2},"end":{"line":18,"column":14}},"loc":{"start":{"line":18,"column":25},"end":{"line":21,"column":3}}},"1":{"name":"(anonymous_1)","decl":{"start":{"line":27,"column":2},"end":{"line":27,"column":18}},"loc":{"start":{"line":27,"column":30},"end":{"line":37,"column":3}}},"2":{"name":"(anonymous_2)","decl":{"start":{"line":43,"column":2},"end":{"line":43,"column":22}},"loc":{"start":{"line":43,"column":33},"end":{"line":61,"column":3}}},"3":{"name":"(anonymous_3)","decl":{"start":{"line":45,"column":6},"end":{"line":45,"column":7}},"loc":{"start":{"line":45,"column":17},"end":{"line":45,"column":46}}},"4":{"name":"(anonymous_4)","decl":{"start":{"line":66,"column":2},"end":{"line":66,"column":19}},"loc":{"start":{"line":66,"column":31},"end":{"line":69,"column":3}}}},"branchMap":{"0":{"loc":{"start":{"line":30,"column":6},"end":{"line":32,"column":null}},"type":"if","locations":[{"start":{"line":30,"column":6},"end":{"line":32,"column":null}}]},"1":{"loc":{"start":{"line":30,"column":10},"end":{"line":30,"column":60}},"type":"binary-expr","locations":[{"start":{"line":30,"column":10},"end":{"line":30,"column":33}},{"start":{"line":30,"column":37},"end":{"line":30,"column":60}}]},"2":{"loc":{"start":{"line":48,"column":4},"end":{"line":60,"column":null}},"type":"if","locations":[{"start":{"line":48,"column":4},"end":{"line":60,"column":null}},{"start":{"line":56,"column":11},"end":{"line":60,"column":null}}]}},"s":{"0":4,"1":9,"2":9,"3":4,"4":4,"5":19,"6":4,"7":0,"8":1,"9":4,"10":1,"11":1,"12":1,"13":1,"14":1,"15":1,"16":0,"17":1,"18":1,"19":4},"f":{"0":9,"1":4,"2":1,"3":4,"4":1},"b":{"0":[4],"1":[19,19],"2":[1,0]}}
,"/Users/angelicamarker/Desktop/LNU 2023-2026/lnu-ÅK2/courses/1dv610/examinations/L2-en-modul/health-calculator/src/calculators/BmrCalculator.ts": {"path":"/Users/angelicamarker/Desktop/LNU 2023-2026/lnu-ÅK2/courses/1dv610/examinations/L2-en-modul/health-calculator/src/calculators/BmrCalculator.ts","statementMap":{"0":{"start":{"line":19,"column":4},"end":{"line":21,"column":null}},"1":{"start":{"line":20,"column":6},"end":{"line":20,"column":null}},"2":{"start":{"line":22,"column":31},"end":{"line":22,"column":48}},"3":{"start":{"line":24,"column":4},"end":{"line":42,"column":null}},"4":{"start":{"line":25,"column":27},"end":{"line":25,"column":47}},"5":{"start":{"line":26,"column":27},"end":{"line":26,"column":53}},"6":{"start":{"line":27,"column":24},"end":{"line":27,"column":40}},"7":{"start":{"line":29,"column":22},"end":{"line":29,"column":70}},"8":{"start":{"line":30,"column":6},"end":{"line":30,"column":null}},"9":{"start":{"line":31,"column":11},"end":{"line":42,"column":null}},"10":{"start":{"line":32,"column":27},"end":{"line":32,"column":46}},"11":{"start":{"line":33,"column":27},"end":{"line":33,"column":53}},"12":{"start":{"line":34,"column":24},"end":{"line":34,"column":39}},"13":{"start":{"line":36,"column":24},"end":{"line":36,"column":73}},"14":{"start":{"line":37,"column":6},"end":{"line":37,"column":null}},"15":{"start":{"line":39,"column":6},"end":{"line":41,"column":null}},"16":{"start":{"line":50,"column":4},"end":{"line":61,"column":null}},"17":{"start":{"line":51,"column":33},"end":{"line":51,"column":50}},"18":{"start":{"line":52,"column":27},"end":{"line":52,"column":43}},"19":{"start":{"line":53,"column":27},"end":{"line":53,"column":52}},"20":{"start":{"line":54,"column":24},"end":{"line":54,"column":36}},"21":{"start":{"line":55,"column":30},"end":{"line":55,"column":63}},"22":{"start":{"line":56,"column":18},"end":{"line":56,"column":75}},"23":{"start":{"line":58,"column":6},"end":{"line":58,"column":null}},"24":{"start":{"line":60,"column":6},"end":{"line":60,"column":null}},"25":{"start":{"line":13,"column":0},"end":{"line":13,"column":13}}},"fnMap":{"0":{"name":"(anonymous_0)","decl":{"start":{"line":18,"column":2},"end":{"line":18,"column":28}},"loc":{"start":{"line":18,"column":39},"end":{"line":43,"column":3}}},"1":{"name":"(anonymous_1)","decl":{"start":{"line":49,"column":2},"end":{"line":49,"column":27}},"loc":{"start":{"line":49,"column":38},"end":{"line":62,"column":3}}}},"branchMap":{"0":{"loc":{"start":{"line":19,"column":4},"end":{"line":21,"column":null}},"type":"if","locations":[{"start":{"line":19,"column":4},"end":{"line":21,"column":null}}]},"1":{"loc":{"start":{"line":24,"column":4},"end":{"line":42,"column":null}},"type":"if","locations":[{"start":{"line":24,"column":4},"end":{"line":42,"column":null}},{"start":{"line":31,"column":11},"end":{"line":42,"column":null}}]},"2":{"loc":{"start":{"line":31,"column":11},"end":{"line":42,"column":null}},"type":"if","locations":[{"start":{"line":31,"column":11},"end":{"line":42,"column":null}},{"start":{"line":38,"column":11},"end":{"line":42,"column":null}}]},"3":{"loc":{"start":{"line":50,"column":4},"end":{"line":61,"column":null}},"type":"if","locations":[{"start":{"line":50,"column":4},"end":{"line":61,"column":null}},{"start":{"line":59,"column":11},"end":{"line":61,"column":null}}]},"4":{"loc":{"start":{"line":55,"column":30},"end":{"line":55,"column":63}},"type":"cond-expr","locations":[{"start":{"line":55,"column":55},"end":{"line":55,"column":56}},{"start":{"line":55,"column":59},"end":{"line":55,"column":63}}]}},"s":{"0":21,"1":1,"2":20,"3":20,"4":16,"5":16,"6":16,"7":16,"8":16,"9":4,"10":4,"11":4,"12":4,"13":4,"14":4,"15":0,"16":21,"17":20,"18":20,"19":20,"20":20,"21":20,"22":20,"23":20,"24":1,"25":4},"f":{"0":21,"1":21},"b":{"0":[1],"1":[16,4],"2":[4,0],"3":[20,1],"4":[16,4]}}
,"/Users/angelicamarker/Desktop/LNU 2023-2026/lnu-ÅK2/courses/1dv610/examinations/L2-en-modul/health-calculator/src/calculators/BodyCompositionCalculator.ts": {"path":"/Users/angelicamarker/Desktop/LNU 2023-2026/lnu-ÅK2/courses/1dv610/examinations/L2-en-modul/health-calculator/src/calculators/BodyCompositionCalculator.ts","statementMap":{"0":{"start":{"line":21,"column":4},"end":{"line":28,"column":null}},"1":{"start":{"line":22,"column":30},"end":{"line":22,"column":51}},"2":{"start":{"line":23,"column":6},"end":{"line":23,"column":null}},"3":{"start":{"line":25,"column":6},"end":{"line":27,"column":null}},"4":{"start":{"line":36,"column":31},"end":{"line":36,"column":48}},"5":{"start":{"line":37,"column":4},"end":{"line":44,"column":null}},"6":{"start":{"line":38,"column":33},"end":{"line":38,"column":64}},"7":{"start":{"line":39,"column":6},"end":{"line":39,"column":null}},"8":{"start":{"line":41,"column":6},"end":{"line":43,"column":null}},"9":{"start":{"line":52,"column":31},"end":{"line":52,"column":48}},"10":{"start":{"line":54,"column":4},"end":{"line":58,"column":null}},"11":{"start":{"line":55,"column":6},"end":{"line":57,"column":null}},"12":{"start":{"line":60,"column":4},"end":{"line":64,"column":null}},"13":{"start":{"line":61,"column":6},"end":{"line":63,"column":null}},"14":{"start":{"line":66,"column":4},"end":{"line":80,"column":null}},"15":{"start":{"line":67,"column":34},"end":{"line":67,"column":56}},"16":{"start":{"line":68,"column":6},"end":{"line":72,"column":null}},"17":{"start":{"line":69,"column":8},"end":{"line":71,"column":null}},"18":{"start":{"line":74,"column":27},"end":{"line":74,"column":66}},"19":{"start":{"line":75,"column":30},"end":{"line":75,"column":69}},"20":{"start":{"line":76,"column":29},"end":{"line":76,"column":34}},"21":{"start":{"line":78,"column":32},"end":{"line":78,"column":79}},"22":{"start":{"line":79,"column":6},"end":{"line":79,"column":null}},"23":{"start":{"line":82,"column":4},"end":{"line":104,"column":null}},"24":{"start":{"line":83,"column":6},"end":{"line":87,"column":null}},"25":{"start":{"line":84,"column":8},"end":{"line":86,"column":null}},"26":{"start":{"line":89,"column":30},"end":{"line":89,"column":63}},"27":{"start":{"line":91,"column":6},"end":{"line":95,"column":null}},"28":{"start":{"line":92,"column":8},"end":{"line":94,"column":null}},"29":{"start":{"line":97,"column":27},"end":{"line":97,"column":66}},"30":{"start":{"line":98,"column":33},"end":{"line":98,"column":70}},"31":{"start":{"line":99,"column":29},"end":{"line":99,"column":35}},"32":{"start":{"line":102,"column":8},"end":{"line":102,"column":58}},"33":{"start":{"line":103,"column":6},"end":{"line":103,"column":null}},"34":{"start":{"line":106,"column":4},"end":{"line":106,"column":null}},"35":{"start":{"line":13,"column":0},"end":{"line":13,"column":13}}},"fnMap":{"0":{"name":"(anonymous_0)","decl":{"start":{"line":20,"column":2},"end":{"line":20,"column":26}},"loc":{"start":{"line":20,"column":37},"end":{"line":29,"column":3}}},"1":{"name":"(anonymous_1)","decl":{"start":{"line":35,"column":2},"end":{"line":35,"column":29}},"loc":{"start":{"line":35,"column":40},"end":{"line":45,"column":3}}},"2":{"name":"(anonymous_2)","decl":{"start":{"line":51,"column":2},"end":{"line":51,"column":28}},"loc":{"start":{"line":51,"column":39},"end":{"line":107,"column":3}}}},"branchMap":{"0":{"loc":{"start":{"line":21,"column":4},"end":{"line":28,"column":null}},"type":"if","locations":[{"start":{"line":21,"column":4},"end":{"line":28,"column":null}},{"start":{"line":24,"column":11},"end":{"line":28,"column":null}}]},"1":{"loc":{"start":{"line":21,"column":8},"end":{"line":21,"column":30}},"type":"binary-expr","locations":[{"start":{"line":21,"column":8},"end":{"line":21,"column":18}},{"start":{"line":21,"column":22},"end":{"line":21,"column":30}}]},"2":{"loc":{"start":{"line":37,"column":4},"end":{"line":44,"column":null}},"type":"if","locations":[{"start":{"line":37,"column":4},"end":{"line":44,"column":null}},{"start":{"line":40,"column":11},"end":{"line":44,"column":null}}]},"3":{"loc":{"start":{"line":37,"column":8},"end":{"line":37,"column":33}},"type":"binary-expr","locations":[{"start":{"line":37,"column":8},"end":{"line":37,"column":18}},{"start":{"line":37,"column":22},"end":{"line":37,"column":33}}]},"4":{"loc":{"start":{"line":54,"column":4},"end":{"line":58,"column":null}},"type":"if","locations":[{"start":{"line":54,"column":4},"end":{"line":58,"column":null}}]},"5":{"loc":{"start":{"line":60,"column":4},"end":{"line":64,"column":null}},"type":"if","locations":[{"start":{"line":60,"column":4},"end":{"line":64,"column":null}}]},"6":{"loc":{"start":{"line":66,"column":4},"end":{"line":80,"column":null}},"type":"if","locations":[{"start":{"line":66,"column":4},"end":{"line":80,"column":null}}]},"7":{"loc":{"start":{"line":68,"column":6},"end":{"line":72,"column":null}},"type":"if","locations":[{"start":{"line":68,"column":6},"end":{"line":72,"column":null}}]},"8":{"loc":{"start":{"line":82,"column":4},"end":{"line":104,"column":null}},"type":"if","locations":[{"start":{"line":82,"column":4},"end":{"line":104,"column":null}}]},"9":{"loc":{"start":{"line":83,"column":6},"end":{"line":87,"column":null}},"type":"if","locations":[{"start":{"line":83,"column":6},"end":{"line":87,"column":null}}]},"10":{"loc":{"start":{"line":91,"column":6},"end":{"line":95,"column":null}},"type":"if","locations":[{"start":{"line":91,"column":6},"end":{"line":95,"column":null}}]}},"s":{"0":3,"1":2,"2":2,"3":1,"4":3,"5":3,"6":2,"7":2,"8":1,"9":6,"10":6,"11":1,"12":5,"13":1,"14":4,"15":1,"16":1,"17":0,"18":1,"19":1,"20":1,"21":1,"22":1,"23":3,"24":2,"25":1,"26":1,"27":1,"28":0,"29":1,"30":1,"31":1,"32":1,"33":1,"34":1,"35":4},"f":{"0":3,"1":3,"2":6},"b":{"0":[2,1],"1":[3,2],"2":[2,1],"3":[3,2],"4":[1],"5":[1],"6":[1],"7":[0],"8":[2],"9":[1],"10":[0]}}
,"/Users/angelicamarker/Desktop/LNU 2023-2026/lnu-ÅK2/courses/1dv610/examinations/L2-en-modul/health-calculator/src/calculators/HealthCalculator.ts": {"path":"/Users/angelicamarker/Desktop/LNU 2023-2026/lnu-ÅK2/courses/1dv610/examinations/L2-en-modul/health-calculator/src/calculators/HealthCalculator.ts","statementMap":{"0":{"start":{"line":31,"column":12},"end":{"line":31,"column":22}},"1":{"start":{"line":32,"column":12},"end":{"line":32,"column":49}},"2":{"start":{"line":33,"column":12},"end":{"line":33,"column":73}},"3":{"start":{"line":34,"column":12},"end":{"line":34,"column":49}},"4":{"start":{"line":35,"column":12},"end":{"line":35,"column":51}},"5":{"start":{"line":42,"column":4},"end":{"line":42,"column":null}},"6":{"start":{"line":49,"column":16},"end":{"line":49,"column":29}},"7":{"start":{"line":50,"column":4},"end":{"line":50,"column":null}},"8":{"start":{"line":57,"column":16},"end":{"line":57,"column":29}},"9":{"start":{"line":58,"column":4},"end":{"line":58,"column":null}},"10":{"start":{"line":65,"column":4},"end":{"line":65,"column":null}},"11":{"start":{"line":72,"column":4},"end":{"line":72,"column":null}},"12":{"start":{"line":79,"column":4},"end":{"line":79,"column":null}},"13":{"start":{"line":86,"column":4},"end":{"line":86,"column":null}},"14":{"start":{"line":93,"column":4},"end":{"line":93,"column":null}},"15":{"start":{"line":100,"column":4},"end":{"line":100,"column":null}},"16":{"start":{"line":107,"column":30},"end":{"line":107,"column":57}},"17":{"start":{"line":108,"column":4},"end":{"line":111,"column":null}},"18":{"start":{"line":118,"column":29},"end":{"line":118,"column":55}},"19":{"start":{"line":119,"column":4},"end":{"line":122,"column":null}},"20":{"start":{"line":20,"column":0},"end":{"line":20,"column":13}}},"fnMap":{"0":{"name":"(anonymous_0)","decl":{"start":{"line":30,"column":2},"end":{"line":30,"column":null}},"loc":{"start":{"line":35,"column":51},"end":{"line":36,"column":6}}},"1":{"name":"(anonymous_1)","decl":{"start":{"line":41,"column":2},"end":{"line":41,"column":8}},"loc":{"start":{"line":41,"column":8},"end":{"line":43,"column":3}}},"2":{"name":"(anonymous_2)","decl":{"start":{"line":48,"column":2},"end":{"line":48,"column":12}},"loc":{"start":{"line":48,"column":12},"end":{"line":51,"column":3}}},"3":{"name":"(anonymous_3)","decl":{"start":{"line":56,"column":2},"end":{"line":56,"column":13}},"loc":{"start":{"line":56,"column":13},"end":{"line":59,"column":3}}},"4":{"name":"(anonymous_4)","decl":{"start":{"line":64,"column":2},"end":{"line":64,"column":16}},"loc":{"start":{"line":64,"column":16},"end":{"line":66,"column":3}}},"5":{"name":"(anonymous_5)","decl":{"start":{"line":71,"column":2},"end":{"line":71,"column":20}},"loc":{"start":{"line":71,"column":20},"end":{"line":73,"column":3}}},"6":{"name":"(anonymous_6)","decl":{"start":{"line":78,"column":2},"end":{"line":78,"column":23}},"loc":{"start":{"line":78,"column":23},"end":{"line":80,"column":3}}},"7":{"name":"(anonymous_7)","decl":{"start":{"line":85,"column":2},"end":{"line":85,"column":22}},"loc":{"start":{"line":85,"column":22},"end":{"line":87,"column":3}}},"8":{"name":"(anonymous_8)","decl":{"start":{"line":92,"column":2},"end":{"line":92,"column":22}},"loc":{"start":{"line":92,"column":22},"end":{"line":94,"column":3}}},"9":{"name":"(anonymous_9)","decl":{"start":{"line":99,"column":2},"end":{"line":99,"column":21}},"loc":{"start":{"line":99,"column":21},"end":{"line":101,"column":3}}},"10":{"name":"(anonymous_10)","decl":{"start":{"line":106,"column":2},"end":{"line":106,"column":23}},"loc":{"start":{"line":106,"column":23},"end":{"line":112,"column":3}}},"11":{"name":"(anonymous_11)","decl":{"start":{"line":117,"column":2},"end":{"line":117,"column":22}},"loc":{"start":{"line":117,"column":22},"end":{"line":123,"column":3}}}},"branchMap":{},"s":{"0":36,"1":36,"2":36,"3":36,"4":36,"5":9,"6":4,"7":4,"8":1,"9":1,"10":1,"11":2,"12":2,"13":2,"14":20,"15":20,"16":8,"17":8,"18":8,"19":8,"20":4},"f":{"0":36,"1":9,"2":4,"3":1,"4":1,"5":2,"6":2,"7":2,"8":20,"9":20,"10":8,"11":8},"b":{}}
,"/Users/angelicamarker/Desktop/LNU 2023-2026/lnu-ÅK2/courses/1dv610/examinations/L2-en-modul/health-calculator/src/calculators/TdeeCalculator.ts": {"path":"/Users/angelicamarker/Desktop/LNU 2023-2026/lnu-ÅK2/courses/1dv610/examinations/L2-en-modul/health-calculator/src/calculators/TdeeCalculator.ts","statementMap":{"0":{"start":{"line":18,"column":4},"end":{"line":38,"column":null}},"1":{"start":{"line":19,"column":18},"end":{"line":19,"column":34}},"2":{"start":{"line":20,"column":27},"end":{"line":20,"column":28}},"3":{"start":{"line":21,"column":6},"end":{"line":31,"column":null}},"4":{"start":{"line":22,"column":8},"end":{"line":22,"column":null}},"5":{"start":{"line":23,"column":13},"end":{"line":31,"column":null}},"6":{"start":{"line":24,"column":8},"end":{"line":24,"column":null}},"7":{"start":{"line":25,"column":13},"end":{"line":31,"column":null}},"8":{"start":{"line":26,"column":8},"end":{"line":26,"column":null}},"9":{"start":{"line":27,"column":13},"end":{"line":31,"column":null}},"10":{"start":{"line":28,"column":8},"end":{"line":28,"column":null}},"11":{"start":{"line":29,"column":13},"end":{"line":31,"column":null}},"12":{"start":{"line":30,"column":8},"end":{"line":30,"column":null}},"13":{"start":{"line":32,"column":19},"end":{"line":32,"column":39}},"14":{"start":{"line":33,"column":6},"end":{"line":33,"column":null}},"15":{"start":{"line":35,"column":6},"end":{"line":37,"column":null}},"16":{"start":{"line":46,"column":4},"end":{"line":66,"column":null}},"17":{"start":{"line":47,"column":18},"end":{"line":47,"column":35}},"18":{"start":{"line":48,"column":27},"end":{"line":48,"column":28}},"19":{"start":{"line":49,"column":6},"end":{"line":59,"column":null}},"20":{"start":{"line":50,"column":8},"end":{"line":50,"column":null}},"21":{"start":{"line":51,"column":13},"end":{"line":59,"column":null}},"22":{"start":{"line":52,"column":8},"end":{"line":52,"column":null}},"23":{"start":{"line":53,"column":13},"end":{"line":59,"column":null}},"24":{"start":{"line":54,"column":8},"end":{"line":54,"column":null}},"25":{"start":{"line":55,"column":13},"end":{"line":59,"column":null}},"26":{"start":{"line":56,"column":8},"end":{"line":56,"column":null}},"27":{"start":{"line":57,"column":13},"end":{"line":59,"column":null}},"28":{"start":{"line":58,"column":8},"end":{"line":58,"column":null}},"29":{"start":{"line":60,"column":19},"end":{"line":60,"column":39}},"30":{"start":{"line":61,"column":6},"end":{"line":61,"column":null}},"31":{"start":{"line":63,"column":6},"end":{"line":65,"column":null}},"32":{"start":{"line":12,"column":4},"end":{"line":12,"column":17}}},"fnMap":{"0":{"name":"(anonymous_0)","decl":{"start":{"line":17,"column":2},"end":{"line":17,"column":28}},"loc":{"start":{"line":17,"column":65},"end":{"line":39,"column":3}}},"1":{"name":"(anonymous_1)","decl":{"start":{"line":45,"column":2},"end":{"line":45,"column":29}},"loc":{"start":{"line":45,"column":67},"end":{"line":67,"column":3}}}},"branchMap":{"0":{"loc":{"start":{"line":18,"column":4},"end":{"line":38,"column":null}},"type":"if","locations":[{"start":{"line":18,"column":4},"end":{"line":38,"column":null}},{"start":{"line":34,"column":11},"end":{"line":38,"column":null}}]},"1":{"loc":{"start":{"line":18,"column":8},"end":{"line":18,"column":38}},"type":"binary-expr","locations":[{"start":{"line":18,"column":8},"end":{"line":18,"column":16}},{"start":{"line":18,"column":20},"end":{"line":18,"column":38}}]},"2":{"loc":{"start":{"line":21,"column":6},"end":{"line":31,"column":null}},"type":"if","locations":[{"start":{"line":21,"column":6},"end":{"line":31,"column":null}},{"start":{"line":23,"column":13},"end":{"line":31,"column":null}}]},"3":{"loc":{"start":{"line":23,"column":13},"end":{"line":31,"column":null}},"type":"if","locations":[{"start":{"line":23,"column":13},"end":{"line":31,"column":null}},{"start":{"line":25,"column":13},"end":{"line":31,"column":null}}]},"4":{"loc":{"start":{"line":25,"column":13},"end":{"line":31,"column":null}},"type":"if","locations":[{"start":{"line":25,"column":13},"end":{"line":31,"column":null}},{"start":{"line":27,"column":13},"end":{"line":31,"column":null}}]},"5":{"loc":{"start":{"line":27,"column":13},"end":{"line":31,"column":null}},"type":"if","locations":[{"start":{"line":27,"column":13},"end":{"line":31,"column":null}},{"start":{"line":29,"column":13},"end":{"line":31,"column":null}}]},"6":{"loc":{"start":{"line":29,"column":13},"end":{"line":31,"column":null}},"type":"if","locations":[{"start":{"line":29,"column":13},"end":{"line":31,"column":null}}]},"7":{"loc":{"start":{"line":46,"column":4},"end":{"line":66,"column":null}},"type":"if","locations":[{"start":{"line":46,"column":4},"end":{"line":66,"column":null}},{"start":{"line":62,"column":11},"end":{"line":66,"column":null}}]},"8":{"loc":{"start":{"line":46,"column":8},"end":{"line":46,"column":38}},"type":"binary-expr","locations":[{"start":{"line":46,"column":8},"end":{"line":46,"column":16}},{"start":{"line":46,"column":20},"end":{"line":46,"column":38}}]},"9":{"loc":{"start":{"line":49,"column":6},"end":{"line":59,"column":null}},"type":"if","locations":[{"start":{"line":49,"column":6},"end":{"line":59,"column":null}},{"start":{"line":51,"column":13},"end":{"line":59,"column":null}}]},"10":{"loc":{"start":{"line":51,"column":13},"end":{"line":59,"column":null}},"type":"if","locations":[{"start":{"line":51,"column":13},"end":{"line":59,"column":null}},{"start":{"line":53,"column":13},"end":{"line":59,"column":null}}]},"11":{"loc":{"start":{"line":53,"column":13},"end":{"line":59,"column":null}},"type":"if","locations":[{"start":{"line":53,"column":13},"end":{"line":59,"column":null}},{"start":{"line":55,"column":13},"end":{"line":59,"column":null}}]},"12":{"loc":{"start":{"line":55,"column":13},"end":{"line":59,"column":null}},"type":"if","locations":[{"start":{"line":55,"column":13},"end":{"line":59,"column":null}},{"start":{"line":57,"column":13},"end":{"line":59,"column":null}}]},"13":{"loc":{"start":{"line":57,"column":13},"end":{"line":59,"column":null}},"type":"if","locations":[{"start":{"line":57,"column":13},"end":{"line":59,"column":null}}]}},"s":{"0":10,"1":8,"2":8,"3":8,"4":2,"5":6,"6":1,"7":5,"8":2,"9":3,"10":2,"11":1,"12":1,"13":8,"14":8,"15":2,"16":10,"17":8,"18":8,"19":8,"20":2,"21":6,"22":1,"23":5,"24":2,"25":3,"26":2,"27":1,"28":1,"29":8,"30":8,"31":2,"32":4},"f":{"0":10,"1":10},"b":{"0":[8,2],"1":[10,9],"2":[2,6],"3":[1,5],"4":[2,3],"5":[2,1],"6":[1],"7":[8,2],"8":[10,9],"9":[2,6],"10":[1,5],"11":[2,3],"12":[2,1],"13":[1]}}
,"/Users/angelicamarker/Desktop/LNU 2023-2026/lnu-ÅK2/courses/1dv610/examinations/L2-en-modul/health-calculator/src/enums/constants.ts": {"path":"/Users/angelicamarker/Desktop/LNU 2023-2026/lnu-ÅK2/courses/1dv610/examinations/L2-en-modul/health-calculator/src/enums/constants.ts","statementMap":{"0":{"start":{"line":7,"column":0},"end":{"line":7,"column":null}},"1":{"start":{"line":8,"column":2},"end":{"line":8,"column":null}},"2":{"start":{"line":9,"column":2},"end":{"line":9,"column":null}},"3":{"start":{"line":10,"column":2},"end":{"line":10,"column":null}},"4":{"start":{"line":11,"column":2},"end":{"line":11,"column":null}},"5":{"start":{"line":12,"column":2},"end":{"line":12,"column":null}},"6":{"start":{"line":13,"column":2},"end":{"line":13,"column":null}},"7":{"start":{"line":14,"column":2},"end":{"line":14,"column":null}},"8":{"start":{"line":15,"column":2},"end":{"line":15,"column":null}},"9":{"start":{"line":24,"column":13},"end":{"line":33,"column":null}}},"fnMap":{"0":{"name":"(anonymous_0)","decl":{"start":{"line":7,"column":0},"end":{"line":7,"column":12}},"loc":{"start":{"line":7,"column":19},"end":{"line":16,"column":1}}}},"branchMap":{"0":{"loc":{"start":{"line":7,"column":12},"end":{"line":7,"column":null}},"type":"binary-expr","locations":[{"start":{"line":7,"column":12},"end":{"line":7,"column":19}},{"start":{"line":7,"column":19},"end":{"line":7,"column":null}}]}},"s":{"0":4,"1":4,"2":4,"3":4,"4":4,"5":4,"6":4,"7":4,"8":4,"9":4},"f":{"0":4},"b":{"0":[4,4]}}
,"/Users/angelicamarker/Desktop/LNU 2023-2026/lnu-ÅK2/courses/1dv610/examinations/L2-en-modul/health-calculator/src/factories/HealthCalculatorFactory.ts": {"path":"/Users/angelicamarker/Desktop/LNU 2023-2026/lnu-ÅK2/courses/1dv610/examinations/L2-en-modul/health-calculator/src/factories/HealthCalculatorFactory.ts","statementMap":{"0":{"start":{"line":8,"column":0},"end":{"line":8,"column":66}},"1":{"start":{"line":9,"column":0},"end":{"line":9,"column":60}},"2":{"start":{"line":10,"column":0},"end":{"line":10,"column":84}},"3":{"start":{"line":11,"column":0},"end":{"line":11,"column":60}},"4":{"start":{"line":12,"column":0},"end":{"line":12,"column":62}},"5":{"start":{"line":13,"column":0},"end":{"line":13,"column":62}},"6":{"start":{"line":14,"column":0},"end":{"line":14,"column":44}},"7":{"start":{"line":15,"column":0},"end":{"line":15,"column":60}},"8":{"start":{"line":31,"column":4},"end":{"line":31,"column":null}},"9":{"start":{"line":32,"column":21},"end":{"line":32,"column":35}},"10":{"start":{"line":33,"column":23},"end":{"line":33,"column":60}},"11":{"start":{"line":35,"column":26},"end":{"line":35,"column":45}},"12":{"start":{"line":36,"column":38},"end":{"line":36,"column":69}},"13":{"start":{"line":37,"column":26},"end":{"line":37,"column":45}},"14":{"start":{"line":38,"column":27},"end":{"line":38,"column":47}},"15":{"start":{"line":40,"column":4},"end":{"line":46,"column":null}},"16":{"start":{"line":22,"column":0},"end":{"line":22,"column":13}}},"fnMap":{"0":{"name":"(anonymous_0)","decl":{"start":{"line":30,"column":2},"end":{"line":30,"column":8}},"loc":{"start":{"line":30,"column":42},"end":{"line":47,"column":3}}}},"branchMap":{},"s":{"0":4,"1":4,"2":4,"3":4,"4":4,"5":4,"6":4,"7":4,"8":38,"9":36,"10":36,"11":36,"12":36,"13":36,"14":36,"15":36,"16":4},"f":{"0":38},"b":{}}
,"/Users/angelicamarker/Desktop/LNU 2023-2026/lnu-ÅK2/courses/1dv610/examinations/L2-en-modul/health-calculator/src/utils/copyUser.ts": {"path":"/Users/angelicamarker/Desktop/LNU 2023-2026/lnu-ÅK2/courses/1dv610/examinations/L2-en-modul/health-calculator/src/utils/copyUser.ts","statementMap":{"0":{"start":{"line":15,"column":2},"end":{"line":15,"column":20}},"1":{"start":{"line":14,"column":0},"end":{"line":14,"column":16}}},"fnMap":{"0":{"name":"copyUser","decl":{"start":{"line":14,"column":16},"end":{"line":14,"column":24}},"loc":{"start":{"line":14,"column":35},"end":{"line":16,"column":1}}}},"branchMap":{},"s":{"0":36,"1":4},"f":{"0":36},"b":{}}
,"/Users/angelicamarker/Desktop/LNU 2023-2026/lnu-ÅK2/courses/1dv610/examinations/L2-en-modul/health-calculator/src/utils/unitConverter.ts": {"path":"/Users/angelicamarker/Desktop/LNU 2023-2026/lnu-ÅK2/courses/1dv610/examinations/L2-en-modul/health-calculator/src/utils/unitConverter.ts","statementMap":{"0":{"start":{"line":9,"column":2},"end":{"line":23,"column":null}},"1":{"start":{"line":10,"column":4},"end":{"line":10,"column":null}},"2":{"start":{"line":12,"column":4},"end":{"line":21,"column":null}},"3":{"start":{"line":8,"column":0},"end":{"line":8,"column":16}},"4":{"start":{"line":27,"column":2},"end":{"line":27,"column":null}},"5":{"start":{"line":31,"column":2},"end":{"line":31,"column":null}},"6":{"start":{"line":35,"column":2},"end":{"line":35,"column":null}}},"fnMap":{"0":{"name":"convertUserToMetric","decl":{"start":{"line":8,"column":16},"end":{"line":8,"column":35}},"loc":{"start":{"line":8,"column":46},"end":{"line":24,"column":1}}},"1":{"name":"feetToMeters","decl":{"start":{"line":26,"column":9},"end":{"line":26,"column":21}},"loc":{"start":{"line":26,"column":34},"end":{"line":28,"column":1}}},"2":{"name":"lbsToKg","decl":{"start":{"line":30,"column":9},"end":{"line":30,"column":16}},"loc":{"start":{"line":30,"column":28},"end":{"line":32,"column":1}}},"3":{"name":"inchesToCentimeters","decl":{"start":{"line":34,"column":9},"end":{"line":34,"column":28}},"loc":{"start":{"line":34,"column":43},"end":{"line":36,"column":1}}}},"branchMap":{"0":{"loc":{"start":{"line":9,"column":2},"end":{"line":23,"column":null}},"type":"if","locations":[{"start":{"line":9,"column":2},"end":{"line":23,"column":null}},{"start":{"line":11,"column":9},"end":{"line":23,"column":null}}]},"1":{"loc":{"start":{"line":17,"column":8},"end":{"line":17,"column":78}},"type":"cond-expr","locations":[{"start":{"line":17,"column":35},"end":{"line":17,"column":66}},{"start":{"line":17,"column":69},"end":{"line":17,"column":78}}]},"2":{"loc":{"start":{"line":18,"column":11},"end":{"line":18,"column":77}},"type":"cond-expr","locations":[{"start":{"line":18,"column":36},"end":{"line":18,"column":65}},{"start":{"line":18,"column":68},"end":{"line":18,"column":77}}]},"3":{"loc":{"start":{"line":20,"column":8},"end":{"line":20,"column":76}},"type":"cond-expr","locations":[{"start":{"line":20,"column":34},"end":{"line":20,"column":64}},{"start":{"line":20,"column":67},"end":{"line":20,"column":76}}]}},"s":{"0":36,"1":28,"2":8,"3":4,"4":8,"5":8,"6":24},"f":{"0":36,"1":8,"2":8,"3":24},"b":{"0":[28,8],"1":[8,0],"2":[8,0],"3":[8,0]}}
,"/Users/angelicamarker/Desktop/LNU 2023-2026/lnu-ÅK2/courses/1dv610/examinations/L2-en-modul/health-calculator/src/utils/validateUserInput.ts": {"path":"/Users/angelicamarker/Desktop/LNU 2023-2026/lnu-ÅK2/courses/1dv610/examinations/L2-en-modul/health-calculator/src/utils/validateUserInput.ts","statementMap":{"0":{"start":{"line":9,"column":2},"end":{"line":22,"column":null}},"1":{"start":{"line":10,"column":4},"end":{"line":10,"column":null}},"2":{"start":{"line":11,"column":4},"end":{"line":11,"column":null}},"3":{"start":{"line":12,"column":4},"end":{"line":12,"column":null}},"4":{"start":{"line":13,"column":4},"end":{"line":13,"column":null}},"5":{"start":{"line":14,"column":4},"end":{"line":14,"column":null}},"6":{"start":{"line":15,"column":4},"end":{"line":15,"column":null}},"7":{"start":{"line":16,"column":4},"end":{"line":16,"column":null}},"8":{"start":{"line":18,"column":25},"end":{"line":20,"column":37}},"9":{"start":{"line":21,"column":4},"end":{"line":21,"column":null}},"10":{"start":{"line":8,"column":0},"end":{"line":8,"column":16}},"11":{"start":{"line":26,"column":2},"end":{"line":32,"column":null}},"12":{"start":{"line":27,"column":4},"end":{"line":31,"column":null}},"13":{"start":{"line":40,"column":2},"end":{"line":44,"column":null}},"14":{"start":{"line":41,"column":4},"end":{"line":43,"column":null}},"15":{"start":{"line":45,"column":2},"end":{"line":61,"column":null}},"16":{"start":{"line":46,"column":4},"end":{"line":52,"column":null}},"17":{"start":{"line":47,"column":6},"end":{"line":51,"column":null}},"18":{"start":{"line":54,"column":4},"end":{"line":60,"column":null}},"19":{"start":{"line":55,"column":6},"end":{"line":59,"column":null}},"20":{"start":{"line":69,"column":2},"end":{"line":73,"column":null}},"21":{"start":{"line":70,"column":4},"end":{"line":72,"column":null}},"22":{"start":{"line":74,"column":2},"end":{"line":90,"column":null}},"23":{"start":{"line":75,"column":4},"end":{"line":81,"column":null}},"24":{"start":{"line":76,"column":6},"end":{"line":80,"column":null}},"25":{"start":{"line":83,"column":4},"end":{"line":89,"column":null}},"26":{"start":{"line":84,"column":6},"end":{"line":88,"column":null}},"27":{"start":{"line":94,"column":2},"end":{"line":96,"column":null}},"28":{"start":{"line":95,"column":4},"end":{"line":95,"column":10}},"29":{"start":{"line":97,"column":2},"end":{"line":103,"column":null}},"30":{"start":{"line":98,"column":4},"end":{"line":102,"column":null}},"31":{"start":{"line":107,"column":2},"end":{"line":109,"column":null}},"32":{"start":{"line":108,"column":4},"end":{"line":108,"column":10}},"33":{"start":{"line":110,"column":2},"end":{"line":116,"column":null}},"34":{"start":{"line":111,"column":4},"end":{"line":115,"column":null}},"35":{"start":{"line":123,"column":2},"end":{"line":125,"column":null}},"36":{"start":{"line":124,"column":4},"end":{"line":124,"column":10}},"37":{"start":{"line":126,"column":2},"end":{"line":138,"column":null}},"38":{"start":{"line":133,"column":4},"end":{"line":137,"column":null}}},"fnMap":{"0":{"name":"validateUserInput","decl":{"start":{"line":8,"column":16},"end":{"line":8,"column":33}},"loc":{"start":{"line":8,"column":44},"end":{"line":23,"column":1}}},"1":{"name":"validateUnitSystem","decl":{"start":{"line":25,"column":9},"end":{"line":25,"column":27}},"loc":{"start":{"line":25,"column":73},"end":{"line":33,"column":1}}},"2":{"name":"validateWeight","decl":{"start":{"line":35,"column":9},"end":{"line":35,"column":23}},"loc":{"start":{"line":38,"column":12},"end":{"line":62,"column":1}}},"3":{"name":"validateHeight","decl":{"start":{"line":64,"column":9},"end":{"line":64,"column":23}},"loc":{"start":{"line":67,"column":12},"end":{"line":91,"column":1}}},"4":{"name":"validateGender","decl":{"start":{"line":93,"column":9},"end":{"line":93,"column":23}},"loc":{"start":{"line":93,"column":63},"end":{"line":104,"column":1}}},"5":{"name":"validateAge","decl":{"start":{"line":106,"column":9},"end":{"line":106,"column":20}},"loc":{"start":{"line":106,"column":46},"end":{"line":117,"column":1}}},"6":{"name":"validateActivityLevel","decl":{"start":{"line":119,"column":9},"end":{"line":119,"column":30}},"loc":{"start":{"line":121,"column":13},"end":{"line":139,"column":1}}}},"branchMap":{"0":{"loc":{"start":{"line":26,"column":2},"end":{"line":32,"column":null}},"type":"if","locations":[{"start":{"line":26,"column":2},"end":{"line":32,"column":null}}]},"1":{"loc":{"start":{"line":40,"column":2},"end":{"line":44,"column":null}},"type":"if","locations":[{"start":{"line":40,"column":2},"end":{"line":44,"column":null}}]},"2":{"loc":{"start":{"line":45,"column":2},"end":{"line":61,"column":null}},"type":"if","locations":[{"start":{"line":45,"column":2},"end":{"line":61,"column":null}},{"start":{"line":53,"column":9},"end":{"line":61,"column":null}}]},"3":{"loc":{"start":{"line":46,"column":4},"end":{"line":52,"column":null}},"type":"if","locations":[{"start":{"line":46,"column":4},"end":{"line":52,"column":null}}]},"4":{"loc":{"start":{"line":46,"column":8},"end":{"line":46,"column":34}},"type":"binary-expr","locations":[{"start":{"line":46,"column":8},"end":{"line":46,"column":18}},{"start":{"line":46,"column":22},"end":{"line":46,"column":34}}]},"5":{"loc":{"start":{"line":54,"column":4},"end":{"line":60,"column":null}},"type":"if","locations":[{"start":{"line":54,"column":4},"end":{"line":60,"column":null}}]},"6":{"loc":{"start":{"line":54,"column":8},"end":{"line":54,"column":35}},"type":"binary-expr","locations":[{"start":{"line":54,"column":8},"end":{"line":54,"column":18}},{"start":{"line":54,"column":22},"end":{"line":54,"column":35}}]},"7":{"loc":{"start":{"line":69,"column":2},"end":{"line":73,"column":null}},"type":"if","locations":[{"start":{"line":69,"column":2},"end":{"line":73,"column":null}}]},"8":{"loc":{"start":{"line":74,"column":2},"end":{"line":90,"column":null}},"type":"if","locations":[{"start":{"line":74,"column":2},"end":{"line":90,"column":null}},{"start":{"line":82,"column":9},"end":{"line":90,"column":null}}]},"9":{"loc":{"start":{"line":75,"column":4},"end":{"line":81,"column":null}},"type":"if","locations":[{"start":{"line":75,"column":4},"end":{"line":81,"column":null}}]},"10":{"loc":{"start":{"line":75,"column":8},"end":{"line":75,"column":36}},"type":"binary-expr","locations":[{"start":{"line":75,"column":8},"end":{"line":75,"column":19}},{"start":{"line":75,"column":23},"end":{"line":75,"column":36}}]},"11":{"loc":{"start":{"line":83,"column":4},"end":{"line":89,"column":null}},"type":"if","locations":[{"start":{"line":83,"column":4},"end":{"line":89,"column":null}}]},"12":{"loc":{"start":{"line":83,"column":8},"end":{"line":83,"column":34}},"type":"binary-expr","locations":[{"start":{"line":83,"column":8},"end":{"line":83,"column":18}},{"start":{"line":83,"column":22},"end":{"line":83,"column":34}}]},"13":{"loc":{"start":{"line":94,"column":2},"end":{"line":96,"column":null}},"type":"if","locations":[{"start":{"line":94,"column":2},"end":{"line":96,"column":null}}]},"14":{"loc":{"start":{"line":97,"column":2},"end":{"line":103,"column":null}},"type":"if","locations":[{"start":{"line":97,"column":2},"end":{"line":103,"column":null}}]},"15":{"loc":{"start":{"line":97,"column":6},"end":{"line":97,"column":46}},"type":"binary-expr","locations":[{"start":{"line":97,"column":6},"end":{"line":97,"column":23}},{"start":{"line":97,"column":27},"end":{"line":97,"column":46}}]},"16":{"loc":{"start":{"line":107,"column":2},"end":{"line":109,"column":null}},"type":"if","locations":[{"start":{"line":107,"column":2},"end":{"line":109,"column":null}}]},"17":{"loc":{"start":{"line":110,"column":2},"end":{"line":116,"column":null}},"type":"if","locations":[{"start":{"line":110,"column":2},"end":{"line":116,"column":null}}]},"18":{"loc":{"start":{"line":123,"column":2},"end":{"line":125,"column":null}},"type":"if","locations":[{"start":{"line":123,"column":2},"end":{"line":125,"column":null}}]},"19":{"loc":{"start":{"line":126,"column":2},"end":{"line":138,"column":null}},"type":"if","locations":[{"start":{"line":126,"column":2},"end":{"line":138,"column":null}}]},"20":{"loc":{"start":{"line":127,"column":4},"end":{"line":131,"column":32}},"type":"binary-expr","locations":[{"start":{"line":127,"column":4},"end":{"line":127,"column":32}},{"start":{"line":128,"column":4},"end":{"line":128,"column":30}},{"start":{"line":129,"column":4},"end":{"line":129,"column":33}},{"start":{"line":130,"column":4},"end":{"line":130,"column":27}},{"start":{"line":131,"column":4},"end":{"line":131,"column":32}}]}},"s":{"0":48,"1":48,"2":44,"3":40,"4":40,"5":40,"6":40,"7":40,"8":8,"9":8,"10":5,"11":40,"12":0,"13":48,"14":0,"15":48,"16":37,"17":3,"18":11,"19":1,"20":44,"21":2,"22":42,"23":32,"24":1,"25":10,"26":1,"27":40,"28":1,"29":39,"30":0,"31":40,"32":1,"33":39,"34":1,"35":40,"36":1,"37":39,"38":0},"f":{"0":48,"1":40,"2":48,"3":44,"4":40,"5":40,"6":40},"b":{"0":[0],"1":[0],"2":[37,11],"3":[3],"4":[37,35],"5":[1],"6":[11,11],"7":[2],"8":[32,10],"9":[1],"10":[32,32],"11":[1],"12":[10,10],"13":[1],"14":[0],"15":[39,11],"16":[1],"17":[1],"18":[1],"19":[0],"20":[39,29,24,10,2]}}
}
