TN:
SF:src/__test__/testData.ts
FNF:0
FNH:0
DA:3,6
LF:1
LH:1
BRF:0
BRH:0
end_of_record
TN:
SF:src/calculators/BmiCalculator.ts
FN:18,(anonymous_0)
FN:28,(anonymous_1)
FN:43,(anonymous_2)
FN:54,(anonymous_3)
FN:60,(anonymous_4)
FN:66,(anonymous_5)
FN:70,(anonymous_6)
FN:79,(anonymous_7)
FN:81,(anonymous_8)
FN:91,(anonymous_9)
FNF:10
FNH:10
FNDA:9,(anonymous_0)
FNDA:4,(anonymous_1)
FNDA:1,(anonymous_2)
FNDA:1,(anonymous_3)
FNDA:4,(anonymous_4)
FNDA:4,(anonymous_5)
FNDA:4,(anonymous_6)
FNDA:1,(anonymous_7)
FNDA:4,(anonymous_8)
FNDA:2,(anonymous_9)
DA:8,4
DA:14,4
DA:19,9
DA:20,9
DA:21,9
DA:29,4
DA:30,4
DA:31,4
DA:32,4
DA:33,4
DA:36,0
DA:44,1
DA:45,1
DA:46,1
DA:48,1
DA:55,1
DA:56,1
DA:57,1
DA:61,4
DA:62,0
DA:67,4
DA:71,4
DA:72,19
DA:73,4
DA:76,0
DA:80,1
DA:81,4
DA:84,1
DA:85,0
DA:88,1
DA:92,2
DA:93,2
LF:32
LH:28
BRDA:32,0,0,4
BRDA:61,1,0,0
BRDA:61,2,0,4
BRDA:61,2,1,4
BRDA:72,3,0,4
BRDA:72,4,0,19
BRDA:72,4,1,19
BRDA:84,5,0,0
BRF:8
BRH:6
end_of_record
TN:
SF:src/calculators/BmrCalculator.ts
FN:18,(anonymous_0)
FN:27,(anonymous_1)
FN:40,(anonymous_2)
FN:45,(anonymous_3)
FN:56,(anonymous_4)
FN:67,(anonymous_5)
FN:80,(anonymous_6)
FNF:7
FNH:7
FNDA:21,(anonymous_0)
FNDA:21,(anonymous_1)
FNDA:41,(anonymous_2)
FNDA:4,(anonymous_3)
FNDA:17,(anonymous_4)
FNDA:21,(anonymous_5)
FNDA:42,(anonymous_6)
DA:13,4
DA:19,21
DA:20,21
DA:28,21
DA:30,20
DA:31,20
DA:32,20
DA:33,20
DA:34,20
DA:35,20
DA:37,20
DA:41,41
DA:42,41
DA:46,4
DA:48,4
DA:49,4
DA:50,4
DA:52,4
DA:53,4
DA:57,17
DA:59,16
DA:60,16
DA:61,16
DA:63,16
DA:64,16
DA:71,21
DA:72,17
DA:74,4
DA:75,4
DA:77,0
DA:81,42
DA:82,2
LF:32
LH:31
BRDA:34,0,0,16
BRDA:34,0,1,4
BRDA:71,1,0,17
BRDA:74,2,0,4
BRDA:81,3,0,2
BRF:5
BRH:5
end_of_record
TN:
SF:src/calculators/BodyCompositionCalculator.ts
FN:20,(anonymous_0)
FN:30,(anonymous_1)
FN:42,(anonymous_2)
FN:47,(anonymous_3)
FN:52,(anonymous_4)
FN:57,(anonymous_5)
FN:73,(anonymous_6)
FN:93,(anonymous_7)
FN:103,(anonymous_8)
FN:113,(anonymous_9)
FN:123,(anonymous_10)
FN:133,(anonymous_11)
FN:139,(anonymous_12)
FN:154,(anonymous_13)
FN:168,(anonymous_14)
FN:183,(anonymous_15)
FNF:16
FNH:16
FNDA:3,(anonymous_0)
FNDA:3,(anonymous_1)
FNDA:6,(anonymous_2)
FNDA:3,(anonymous_3)
FNDA:11,(anonymous_4)
FNDA:3,(anonymous_5)
FNDA:2,(anonymous_6)
FNDA:3,(anonymous_7)
FNDA:3,(anonymous_8)
FNDA:2,(anonymous_9)
FNDA:3,(anonymous_10)
FNDA:2,(anonymous_11)
FNDA:6,(anonymous_12)
FNDA:3,(anonymous_13)
FNDA:1,(anonymous_14)
FNDA:1,(anonymous_15)
DA:13,4
DA:21,3
DA:22,2
DA:23,2
DA:31,3
DA:32,2
DA:33,2
DA:35,2
DA:43,6
DA:44,6
DA:48,3
DA:49,3
DA:53,11
DA:54,11
DA:58,3
DA:59,1
DA:60,1
DA:64,1
DA:65,1
DA:66,1
DA:67,1
DA:68,1
DA:70,1
DA:77,2
DA:78,1
DA:79,1
DA:83,1
DA:84,1
DA:85,1
DA:87,1
DA:88,1
DA:90,1
DA:96,3
DA:97,1
DA:106,3
DA:107,1
DA:116,2
DA:117,1
DA:126,3
DA:127,2
DA:134,2
DA:135,0
DA:143,6
DA:144,3
DA:147,3
DA:148,2
DA:151,1
DA:158,3
DA:159,1
DA:161,2
DA:162,1
DA:165,1
DA:172,1
DA:173,1
DA:174,1
DA:177,1
DA:180,1
DA:187,1
DA:188,1
DA:189,1
DA:192,1
DA:195,1
LF:62
LH:61
BRDA:96,0,0,1
BRDA:96,1,0,3
BRDA:96,1,1,2
BRDA:106,2,0,1
BRDA:106,3,0,3
BRDA:106,3,1,2
BRDA:116,4,0,1
BRDA:116,5,0,2
BRDA:116,5,1,2
BRDA:116,5,2,2
BRDA:126,6,0,2
BRDA:126,7,0,3
BRDA:126,7,1,2
BRDA:134,8,0,0
BRDA:143,9,0,3
BRDA:147,10,0,2
BRDA:158,11,0,1
BRDA:161,12,0,1
BRF:18
BRH:17
end_of_record
TN:
SF:src/calculators/CalorieCalculator.ts
FN:19,(anonymous_0)
FN:28,(anonymous_1)
FN:38,(anonymous_2)
FN:49,(anonymous_3)
FN:70,(anonymous_4)
FN:85,(anonymous_5)
FN:93,(anonymous_6)
FN:101,(anonymous_7)
FN:111,(anonymous_8)
FNF:9
FNH:9
FNDA:3,(anonymous_0)
FNDA:2,(anonymous_1)
FNDA:2,(anonymous_2)
FNDA:3,(anonymous_3)
FNDA:4,(anonymous_4)
FNDA:3,(anonymous_5)
FNDA:7,(anonymous_6)
FNDA:3,(anonymous_7)
FNDA:6,(anonymous_8)
DA:14,5
DA:20,3
DA:21,2
DA:22,2
DA:32,2
DA:42,2
DA:53,3
DA:54,2
DA:59,2
DA:60,2
DA:62,2
DA:63,2
DA:71,4
DA:72,3
DA:74,2
DA:75,2
DA:76,2
DA:77,2
DA:78,2
DA:80,2
DA:82,2
DA:88,3
DA:89,1
DA:96,7
DA:97,2
DA:104,3
DA:105,1
DA:116,6
DA:117,6
DA:119,6
DA:120,6
DA:121,6
DA:122,6
LF:33
LH:33
BRDA:88,0,0,1
BRDA:96,1,0,2
BRDA:104,2,0,1
BRF:3
BRH:3
end_of_record
TN:
SF:src/calculators/HealthCalculator.ts
FN:32,(anonymous_0)
FN:44,(anonymous_1)
FN:51,(anonymous_2)
FN:59,(anonymous_3)
FN:67,(anonymous_4)
FN:74,(anonymous_5)
FN:81,(anonymous_6)
FN:88,(anonymous_7)
FN:95,(anonymous_8)
FN:101,(anonymous_9)
FN:108,(anonymous_10)
FN:115,(anonymous_11)
FN:126,(anonymous_12)
FN:137,(anonymous_13)
FN:148,(anonymous_14)
FN:159,(anonymous_15)
FN:170,(anonymous_16)
FN:181,(anonymous_17)
FNF:18
FNH:13
FNDA:38,(anonymous_0)
FNDA:9,(anonymous_1)
FNDA:4,(anonymous_2)
FNDA:1,(anonymous_3)
FNDA:1,(anonymous_4)
FNDA:2,(anonymous_5)
FNDA:2,(anonymous_6)
FNDA:2,(anonymous_7)
FNDA:2,(anonymous_8)
FNDA:20,(anonymous_9)
FNDA:20,(anonymous_10)
FNDA:8,(anonymous_11)
FNDA:8,(anonymous_12)
FNDA:0,(anonymous_13)
FNDA:0,(anonymous_14)
FNDA:0,(anonymous_15)
FNDA:0,(anonymous_16)
FNDA:0,(anonymous_17)
DA:21,4
DA:33,38
DA:34,38
DA:35,38
DA:36,38
DA:37,38
DA:38,38
DA:45,9
DA:52,4
DA:53,4
DA:60,1
DA:61,1
DA:68,1
DA:75,2
DA:82,2
DA:89,2
DA:96,2
DA:102,20
DA:109,20
DA:116,8
DA:117,8
DA:127,8
DA:128,8
DA:138,0
DA:139,0
DA:149,0
DA:150,0
DA:160,0
DA:161,0
DA:171,0
DA:172,0
DA:182,0
LF:32
LH:23
BRF:0
BRH:0
end_of_record
TN:
SF:src/calculators/TdeeCalculator.ts
FN:17,(anonymous_0)
FN:29,(anonymous_1)
FN:37,(anonymous_2)
FN:58,(anonymous_3)
FN:66,(anonymous_4)
FNF:5
FNH:5
FNDA:10,(anonymous_0)
FNDA:10,(anonymous_1)
FNDA:16,(anonymous_2)
FNDA:20,(anonymous_3)
FNDA:16,(anonymous_4)
DA:12,4
DA:18,10
DA:19,8
DA:20,8
DA:22,8
DA:30,10
DA:31,8
DA:32,8
DA:34,8
DA:38,16
DA:39,4
DA:41,12
DA:42,2
DA:44,10
DA:45,4
DA:47,6
DA:48,4
DA:50,2
DA:51,2
DA:53,0
DA:61,20
DA:62,4
DA:67,16
LF:23
LH:22
BRDA:38,0,0,4
BRDA:41,1,0,2
BRDA:44,2,0,4
BRDA:47,3,0,4
BRDA:50,4,0,2
BRDA:61,5,0,4
BRDA:61,6,0,20
BRDA:61,6,1,18
BRF:8
BRH:8
end_of_record
TN:
SF:src/enums/constants.ts
FN:7,(anonymous_0)
FNF:1
FNH:1
FNDA:4,(anonymous_0)
DA:7,4
DA:8,4
DA:9,4
DA:10,4
DA:11,4
DA:12,4
DA:13,4
DA:14,4
DA:15,4
DA:24,4
LF:10
LH:10
BRDA:7,0,0,4
BRDA:7,0,1,4
BRF:2
BRH:2
end_of_record
TN:
SF:src/factories/HealthCalculatorFactory.ts
FN:31,(anonymous_0)
FNF:1
FNH:1
FNDA:40,(anonymous_0)
DA:8,4
DA:9,4
DA:10,4
DA:11,4
DA:12,4
DA:13,4
DA:14,4
DA:15,4
DA:16,4
DA:23,4
DA:32,40
DA:33,38
DA:34,38
DA:36,38
DA:37,38
DA:38,38
DA:39,38
DA:40,38
DA:42,38
LF:19
LH:19
BRF:0
BRH:0
end_of_record
TN:
SF:src/utils/copyUser.ts
FN:14,copyUser
FNF:1
FNH:1
FNDA:38,copyUser
DA:14,4
DA:15,38
LF:2
LH:2
BRF:0
BRH:0
end_of_record
TN:
SF:src/utils/unitConverter.ts
FN:8,convertUserToMetric
FN:28,feetToMeters
FN:32,lbsToKg
FN:36,inchesToCentimeters
FNF:4
FNH:4
FNDA:38,convertUserToMetric
FNDA:8,feetToMeters
FNDA:8,lbsToKg
FNDA:24,inchesToCentimeters
DA:8,4
DA:9,38
DA:10,30
DA:12,8
DA:29,8
DA:33,8
DA:37,24
LF:7
LH:7
BRDA:9,0,0,30
BRDA:9,0,1,8
BRDA:17,1,0,8
BRDA:17,1,1,0
BRDA:18,2,0,8
BRDA:18,2,1,0
BRDA:20,3,0,8
BRDA:20,3,1,0
BRDA:22,4,0,0
BRDA:22,4,1,8
BRF:10
BRH:6
end_of_record
TN:
SF:src/utils/validateUserInput.ts
FN:8,validateUserInput
FN:29,validateNumericFields
FN:39,(anonymous_2)
FN:48,validateUnitSystem
FN:65,validateWeight
FN:94,validateHeight
FN:123,validateGender
FN:136,validateAge
FN:149,validateActivityLevel
FN:171,validateDailyCalories
FN:183,validateWeightGoal
FN:196,validateWeeksToWeightGoal
FNF:12
FNH:12
FNDA:56,validateUserInput
FNDA:56,validateNumericFields
FNDA:392,(anonymous_2)
FNDA:46,validateUnitSystem
FNDA:56,validateWeight
FNDA:51,validateHeight
FNDA:46,validateGender
FNDA:46,validateAge
FNDA:46,validateActivityLevel
FNDA:46,validateDailyCalories
FNDA:45,validateWeightGoal
FNDA:44,validateWeeksToWeightGoal
DA:8,5
DA:9,56
DA:10,56
DA:11,56
DA:12,51
DA:13,46
DA:14,46
DA:15,46
DA:16,46
DA:17,46
DA:18,45
DA:19,44
DA:20,43
DA:22,13
DA:25,13
DA:30,56
DA:39,56
DA:40,392
DA:41,194
DA:42,0
DA:49,46
DA:50,0
DA:56,46
DA:57,0
DA:70,56
DA:71,1
DA:75,55
DA:76,44
DA:77,3
DA:84,11
DA:85,1
DA:99,51
DA:100,3
DA:104,48
DA:105,38
DA:106,1
DA:113,10
DA:114,1
DA:124,46
DA:125,5
DA:127,41
DA:128,0
DA:137,46
DA:138,5
DA:140,41
DA:141,1
DA:153,46
DA:154,5
DA:156,41
DA:163,0
DA:172,46
DA:173,44
DA:175,2
DA:176,1
DA:184,45
DA:185,43
DA:187,2
DA:188,1
DA:197,44
DA:198,42
DA:200,2
DA:201,1
LF:62
LH:57
BRDA:40,0,0,194
BRDA:40,1,0,392
BRDA:40,1,1,194
BRDA:41,2,0,0
BRDA:49,3,0,0
BRDA:56,4,0,0
BRDA:70,5,0,1
BRDA:70,6,0,56
BRDA:70,6,1,56
BRDA:75,7,0,44
BRDA:75,7,1,11
BRDA:76,8,0,3
BRDA:76,9,0,44
BRDA:76,9,1,42
BRDA:84,10,0,1
BRDA:84,11,0,11
BRDA:84,11,1,11
BRDA:99,12,0,3
BRDA:99,13,0,51
BRDA:99,13,1,49
BRDA:104,14,0,38
BRDA:104,14,1,10
BRDA:105,15,0,1
BRDA:105,16,0,38
BRDA:105,16,1,38
BRDA:113,17,0,1
BRDA:113,18,0,10
BRDA:113,18,1,10
BRDA:124,19,0,5
BRDA:127,20,0,0
BRDA:127,21,0,41
BRDA:127,21,1,12
BRDA:137,22,0,5
BRDA:140,23,0,1
BRDA:153,24,0,5
BRDA:156,25,0,0
BRDA:157,26,0,41
BRDA:157,26,1,30
BRDA:157,26,2,25
BRDA:157,26,3,10
BRDA:157,26,4,2
BRDA:172,27,0,44
BRDA:175,28,0,1
BRDA:184,29,0,43
BRDA:187,30,0,1
BRDA:197,31,0,42
BRDA:200,32,0,1
BRF:47
BRH:42
end_of_record
