TN:
SF:src/__test__/testData.ts
FNF:0
FNH:0
DA:3,5
LF:1
LH:1
BRF:0
BRH:0
end_of_record
TN:
SF:src/calculators/BmiCalculator.ts
FN:18,(anonymous_0)
FN:27,(anonymous_1)
FN:43,(anonymous_2)
FN:45,(anonymous_3)
FN:66,(anonymous_4)
FNF:5
FNH:5
FNDA:9,(anonymous_0)
FNDA:4,(anonymous_1)
FNDA:1,(anonymous_2)
FNDA:4,(anonymous_3)
FNDA:1,(anonymous_4)
DA:8,4
DA:14,4
DA:19,9
DA:20,9
DA:28,4
DA:29,4
DA:30,19
DA:31,4
DA:34,0
DA:44,1
DA:45,4
DA:48,1
DA:49,1
DA:50,1
DA:52,1
DA:53,1
DA:55,1
DA:57,0
DA:67,1
DA:68,1
LF:20
LH:18
BRDA:30,0,0,4
BRDA:30,1,0,19
BRDA:30,1,1,19
BRDA:48,2,0,1
BRDA:48,2,1,0
BRF:5
BRH:4
end_of_record
TN:
SF:src/calculators/BmrCalculator.ts
FN:18,(anonymous_0)
FN:49,(anonymous_1)
FNF:2
FNH:2
FNDA:21,(anonymous_0)
FNDA:21,(anonymous_1)
DA:13,4
DA:19,21
DA:20,1
DA:22,20
DA:24,20
DA:25,16
DA:26,16
DA:27,16
DA:29,16
DA:30,16
DA:31,4
DA:32,4
DA:33,4
DA:34,4
DA:36,4
DA:37,4
DA:39,0
DA:50,21
DA:51,20
DA:52,20
DA:53,20
DA:54,20
DA:55,20
DA:56,20
DA:58,20
DA:60,1
LF:26
LH:25
BRDA:19,0,0,1
BRDA:24,1,0,16
BRDA:24,1,1,4
BRDA:31,2,0,4
BRDA:31,2,1,0
BRDA:50,3,0,20
BRDA:50,3,1,1
BRDA:55,4,0,16
BRDA:55,4,1,4
BRF:9
BRH:8
end_of_record
TN:
SF:src/calculators/BodyCompositionCalculator.ts
FN:20,(anonymous_0)
FN:35,(anonymous_1)
FN:51,(anonymous_2)
FNF:3
FNH:3
FNDA:3,(anonymous_0)
FNDA:3,(anonymous_1)
FNDA:6,(anonymous_2)
DA:13,4
DA:21,3
DA:22,2
DA:23,2
DA:25,1
DA:36,3
DA:37,3
DA:38,2
DA:39,2
DA:41,1
DA:52,6
DA:54,6
DA:55,1
DA:60,5
DA:61,1
DA:66,4
DA:67,1
DA:68,1
DA:69,0
DA:74,1
DA:75,1
DA:76,1
DA:78,1
DA:79,1
DA:82,3
DA:83,2
DA:84,1
DA:89,1
DA:91,1
DA:92,0
DA:97,1
DA:98,1
DA:99,1
DA:102,1
DA:103,1
DA:106,1
LF:36
LH:34
BRDA:21,0,0,2
BRDA:21,0,1,1
BRDA:21,1,0,3
BRDA:21,1,1,2
BRDA:37,2,0,2
BRDA:37,2,1,1
BRDA:37,3,0,3
BRDA:37,3,1,2
BRDA:54,4,0,1
BRDA:60,5,0,1
BRDA:66,6,0,1
BRDA:68,7,0,0
BRDA:82,8,0,2
BRDA:83,9,0,1
BRDA:91,10,0,0
BRF:15
BRH:13
end_of_record
TN:
SF:src/calculators/HealthCalculator.ts
FN:30,(anonymous_0)
FN:41,(anonymous_1)
FN:48,(anonymous_2)
FN:56,(anonymous_3)
FN:64,(anonymous_4)
FN:71,(anonymous_5)
FN:78,(anonymous_6)
FN:85,(anonymous_7)
FN:92,(anonymous_8)
FN:99,(anonymous_9)
FN:106,(anonymous_10)
FN:117,(anonymous_11)
FNF:12
FNH:12
FNDA:36,(anonymous_0)
FNDA:9,(anonymous_1)
FNDA:4,(anonymous_2)
FNDA:1,(anonymous_3)
FNDA:1,(anonymous_4)
FNDA:2,(anonymous_5)
FNDA:2,(anonymous_6)
FNDA:2,(anonymous_7)
FNDA:20,(anonymous_8)
FNDA:20,(anonymous_9)
FNDA:8,(anonymous_10)
FNDA:8,(anonymous_11)
DA:20,4
DA:31,36
DA:32,36
DA:33,36
DA:34,36
DA:35,36
DA:42,9
DA:49,4
DA:50,4
DA:57,1
DA:58,1
DA:65,1
DA:72,2
DA:79,2
DA:86,2
DA:93,20
DA:100,20
DA:107,8
DA:108,8
DA:118,8
DA:119,8
LF:21
LH:21
BRF:0
BRH:0
end_of_record
TN:
SF:src/calculators/TdeeCalculator.ts
FN:17,(anonymous_0)
FN:45,(anonymous_1)
FNF:2
FNH:2
FNDA:10,(anonymous_0)
FNDA:10,(anonymous_1)
DA:12,4
DA:18,10
DA:19,8
DA:20,8
DA:21,8
DA:22,2
DA:23,6
DA:24,1
DA:25,5
DA:26,2
DA:27,3
DA:28,2
DA:29,1
DA:30,1
DA:32,8
DA:33,8
DA:35,2
DA:46,10
DA:47,8
DA:48,8
DA:49,8
DA:50,2
DA:51,6
DA:52,1
DA:53,5
DA:54,2
DA:55,3
DA:56,2
DA:57,1
DA:58,1
DA:60,8
DA:61,8
DA:63,2
LF:33
LH:33
BRDA:18,0,0,8
BRDA:18,0,1,2
BRDA:18,1,0,10
BRDA:18,1,1,9
BRDA:21,2,0,2
BRDA:21,2,1,6
BRDA:23,3,0,1
BRDA:23,3,1,5
BRDA:25,4,0,2
BRDA:25,4,1,3
BRDA:27,5,0,2
BRDA:27,5,1,1
BRDA:29,6,0,1
BRDA:46,7,0,8
BRDA:46,7,1,2
BRDA:46,8,0,10
BRDA:46,8,1,9
BRDA:49,9,0,2
BRDA:49,9,1,6
BRDA:51,10,0,1
BRDA:51,10,1,5
BRDA:53,11,0,2
BRDA:53,11,1,3
BRDA:55,12,0,2
BRDA:55,12,1,1
BRDA:57,13,0,1
BRF:26
BRH:26
end_of_record
TN:
SF:src/enums/constants.ts
FN:7,(anonymous_0)
FNF:1
FNH:1
FNDA:4,(anonymous_0)
DA:7,4
DA:8,4
DA:9,4
DA:10,4
DA:11,4
DA:12,4
DA:13,4
DA:14,4
DA:15,4
DA:24,4
LF:10
LH:10
BRDA:7,0,0,4
BRDA:7,0,1,4
BRF:2
BRH:2
end_of_record
TN:
SF:src/factories/HealthCalculatorFactory.ts
FN:30,(anonymous_0)
FNF:1
FNH:1
FNDA:38,(anonymous_0)
DA:8,4
DA:9,4
DA:10,4
DA:11,4
DA:12,4
DA:13,4
DA:14,4
DA:15,4
DA:22,4
DA:31,38
DA:32,36
DA:33,36
DA:35,36
DA:36,36
DA:37,36
DA:38,36
DA:40,36
LF:17
LH:17
BRF:0
BRH:0
end_of_record
TN:
SF:src/utils/copyUser.ts
FN:14,copyUser
FNF:1
FNH:1
FNDA:36,copyUser
DA:14,4
DA:15,36
LF:2
LH:2
BRF:0
BRH:0
end_of_record
TN:
SF:src/utils/unitConverter.ts
FN:8,convertUserToMetric
FN:26,feetToMeters
FN:30,lbsToKg
FN:34,inchesToCentimeters
FNF:4
FNH:4
FNDA:36,convertUserToMetric
FNDA:8,feetToMeters
FNDA:8,lbsToKg
FNDA:24,inchesToCentimeters
DA:8,4
DA:9,36
DA:10,28
DA:12,8
DA:27,8
DA:31,8
DA:35,24
LF:7
LH:7
BRDA:9,0,0,28
BRDA:9,0,1,8
BRDA:17,1,0,8
BRDA:17,1,1,0
BRDA:18,2,0,8
BRDA:18,2,1,0
BRDA:20,3,0,8
BRDA:20,3,1,0
BRF:8
BRH:5
end_of_record
TN:
SF:src/utils/validateUserInput.ts
FN:8,validateUserInput
FN:25,validateUnitSystem
FN:35,validateWeight
FN:64,validateHeight
FN:93,validateGender
FN:106,validateAge
FN:119,validateActivityLevel
FNF:7
FNH:7
FNDA:48,validateUserInput
FNDA:40,validateUnitSystem
FNDA:48,validateWeight
FNDA:44,validateHeight
FNDA:40,validateGender
FNDA:40,validateAge
FNDA:40,validateActivityLevel
DA:8,5
DA:9,48
DA:10,48
DA:11,44
DA:12,40
DA:13,40
DA:14,40
DA:15,40
DA:16,40
DA:18,8
DA:21,8
DA:26,40
DA:27,0
DA:40,48
DA:41,0
DA:45,48
DA:46,37
DA:47,3
DA:54,11
DA:55,1
DA:69,44
DA:70,2
DA:74,42
DA:75,32
DA:76,1
DA:83,10
DA:84,1
DA:94,40
DA:95,1
DA:97,39
DA:98,0
DA:107,40
DA:108,1
DA:110,39
DA:111,1
DA:123,40
DA:124,1
DA:126,39
DA:133,0
LF:39
LH:35
BRDA:26,0,0,0
BRDA:40,1,0,0
BRDA:45,2,0,37
BRDA:45,2,1,11
BRDA:46,3,0,3
BRDA:46,4,0,37
BRDA:46,4,1,35
BRDA:54,5,0,1
BRDA:54,6,0,11
BRDA:54,6,1,11
BRDA:69,7,0,2
BRDA:74,8,0,32
BRDA:74,8,1,10
BRDA:75,9,0,1
BRDA:75,10,0,32
BRDA:75,10,1,32
BRDA:83,11,0,1
BRDA:83,12,0,10
BRDA:83,12,1,10
BRDA:94,13,0,1
BRDA:97,14,0,0
BRDA:97,15,0,39
BRDA:97,15,1,11
BRDA:107,16,0,1
BRDA:110,17,0,1
BRDA:123,18,0,1
BRDA:126,19,0,0
BRDA:127,20,0,39
BRDA:127,20,1,29
BRDA:127,20,2,24
BRDA:127,20,3,10
BRDA:127,20,4,2
BRF:32
BRH:28
end_of_record
